2017-02-17 09:17:27,722 ERROR [org.apache.velocity] - <ResourceManager : unable to find resource 'TempBean.java' in any resource loader.>
2017-02-17 09:17:27,723 ERROR [com.yiya.utils.CommonPageParser] - <org.apache.velocity.exception.ResourceNotFoundException: Unable to find resource 'TempBean.java'>
2017-02-17 09:17:27,723 ERROR [org.apache.velocity] - <ResourceManager : unable to find resource 'TempModel.java' in any resource loader.>
2017-02-17 09:17:27,724 ERROR [com.yiya.utils.CommonPageParser] - <org.apache.velocity.exception.ResourceNotFoundException: Unable to find resource 'TempModel.java'>
2017-02-17 09:17:27,724 ERROR [org.apache.velocity] - <ResourceManager : unable to find resource 'TempMapper.java' in any resource loader.>
2017-02-17 09:17:27,726 ERROR [com.yiya.utils.CommonPageParser] - <org.apache.velocity.exception.ResourceNotFoundException: Unable to find resource 'TempMapper.java'>
2017-02-17 09:17:27,726 ERROR [org.apache.velocity] - <ResourceManager : unable to find resource 'TempService.java' in any resource loader.>
2017-02-17 09:17:27,727 ERROR [com.yiya.utils.CommonPageParser] - <org.apache.velocity.exception.ResourceNotFoundException: Unable to find resource 'TempService.java'>
2017-02-17 09:17:27,747 ERROR [org.apache.velocity] - <ResourceManager : unable to find resource 'TempMapper.xml' in any resource loader.>
2017-02-17 09:17:27,748 ERROR [com.yiya.utils.CommonPageParser] - <org.apache.velocity.exception.ResourceNotFoundException: Unable to find resource 'TempMapper.xml'>
2017-02-17 09:29:47,006 ERROR [org.apache.velocity] - <ResourceManager : unable to find resource 'TempBean.java' in any resource loader.>
2017-02-17 09:29:47,007 ERROR [com.yiya.utils.CommonPageParser] - <org.apache.velocity.exception.ResourceNotFoundException: Unable to find resource 'TempBean.java'>
2017-02-17 09:29:47,007 ERROR [org.apache.velocity] - <ResourceManager : unable to find resource 'TempModel.java' in any resource loader.>
2017-02-17 09:29:47,007 ERROR [com.yiya.utils.CommonPageParser] - <org.apache.velocity.exception.ResourceNotFoundException: Unable to find resource 'TempModel.java'>
2017-02-17 09:29:47,008 ERROR [org.apache.velocity] - <ResourceManager : unable to find resource 'TempMapper.java' in any resource loader.>
2017-02-17 09:29:47,008 ERROR [com.yiya.utils.CommonPageParser] - <org.apache.velocity.exception.ResourceNotFoundException: Unable to find resource 'TempMapper.java'>
2017-02-17 09:29:47,009 ERROR [org.apache.velocity] - <ResourceManager : unable to find resource 'TempService.java' in any resource loader.>
2017-02-17 09:29:47,010 ERROR [com.yiya.utils.CommonPageParser] - <org.apache.velocity.exception.ResourceNotFoundException: Unable to find resource 'TempService.java'>
2017-02-17 09:29:47,011 ERROR [org.apache.velocity] - <ResourceManager : unable to find resource 'TempMapper.xml' in any resource loader.>
2017-02-17 09:29:47,012 ERROR [com.yiya.utils.CommonPageParser] - <org.apache.velocity.exception.ResourceNotFoundException: Unable to find resource 'TempMapper.xml'>
2017-02-28 23:17:58,794 DEBUG [org.apache.ibatis.logging.LogFactory] - <Logging initialized using 'org.apache.ibatis.logging.slf4j.Slf4jImpl' adapter.>
2017-02-28 23:17:59,185 DEBUG [org.mybatis.spring.SqlSessionFactoryBean] - <Parsed configuration file: 'class path resource [mybatis-config.xml]'>
2017-02-28 23:17:59,340 DEBUG [org.mybatis.spring.SqlSessionFactoryBean] - <Property 'mapperLocations' was not specified or no matching resources found>
2017-02-28 23:17:59,449 DEBUG [org.mybatis.spring.mapper.MapperScannerConfigurer$Scanner] - <Identified candidate component class: file [F:\WORK\JAVA\YIYA_MS\WebRoot\WEB-INF\classes\com\yiya\mapper\BaseMapper.class]>
2017-02-28 23:17:59,449 DEBUG [org.mybatis.spring.mapper.MapperScannerConfigurer$Scanner] - <Identified candidate component class: file [F:\WORK\JAVA\YIYA_MS\WebRoot\WEB-INF\classes\com\yiya\mapper\KhUserMapper.class]>
2017-02-28 23:17:59,449 DEBUG [org.mybatis.spring.mapper.MapperScannerConfigurer$Scanner] - <Identified candidate component class: file [F:\WORK\JAVA\YIYA_MS\WebRoot\WEB-INF\classes\com\yiya\mapper\OddNumMapper.class]>
2017-02-28 23:17:59,449 DEBUG [org.mybatis.spring.mapper.MapperScannerConfigurer$Scanner] - <Identified candidate component class: file [F:\WORK\JAVA\YIYA_MS\WebRoot\WEB-INF\classes\com\yiya\mapper\SiteColumnMapper.class]>
2017-02-28 23:17:59,449 DEBUG [org.mybatis.spring.mapper.MapperScannerConfigurer$Scanner] - <Identified candidate component class: file [F:\WORK\JAVA\YIYA_MS\WebRoot\WEB-INF\classes\com\yiya\mapper\SiteMainMapper.class]>
2017-02-28 23:17:59,465 DEBUG [org.mybatis.spring.mapper.MapperScannerConfigurer$Scanner] - <Identified candidate component class: file [F:\WORK\JAVA\YIYA_MS\WebRoot\WEB-INF\classes\com\yiya\mapper\SiteScoreMapper.class]>
2017-02-28 23:17:59,465 DEBUG [org.mybatis.spring.mapper.MapperScannerConfigurer$Scanner] - <Identified candidate component class: file [F:\WORK\JAVA\YIYA_MS\WebRoot\WEB-INF\classes\com\yiya\mapper\SiteTypeMapper.class]>
2017-02-28 23:17:59,465 DEBUG [org.mybatis.spring.mapper.MapperScannerConfigurer$Scanner] - <Identified candidate component class: file [F:\WORK\JAVA\YIYA_MS\WebRoot\WEB-INF\classes\com\yiya\mapper\SysMenuBtnMapper.class]>
2017-02-28 23:17:59,465 DEBUG [org.mybatis.spring.mapper.MapperScannerConfigurer$Scanner] - <Identified candidate component class: file [F:\WORK\JAVA\YIYA_MS\WebRoot\WEB-INF\classes\com\yiya\mapper\SysMenuMapper.class]>
2017-02-28 23:17:59,465 DEBUG [org.mybatis.spring.mapper.MapperScannerConfigurer$Scanner] - <Identified candidate component class: file [F:\WORK\JAVA\YIYA_MS\WebRoot\WEB-INF\classes\com\yiya\mapper\SysRoleMapper.class]>
2017-02-28 23:17:59,465 DEBUG [org.mybatis.spring.mapper.MapperScannerConfigurer$Scanner] - <Identified candidate component class: file [F:\WORK\JAVA\YIYA_MS\WebRoot\WEB-INF\classes\com\yiya\mapper\SysRoleRelMapper.class]>
2017-02-28 23:17:59,465 DEBUG [org.mybatis.spring.mapper.MapperScannerConfigurer$Scanner] - <Identified candidate component class: file [F:\WORK\JAVA\YIYA_MS\WebRoot\WEB-INF\classes\com\yiya\mapper\SysUserMapper.class]>
2017-02-28 23:17:59,465 DEBUG [org.mybatis.spring.mapper.MapperScannerConfigurer$Scanner] - <Creating MapperFactoryBean with name 'baseMapper' and 'com.yiya.mapper.BaseMapper' mapperInterface>
2017-02-28 23:17:59,465 DEBUG [org.mybatis.spring.mapper.MapperScannerConfigurer$Scanner] - <Creating MapperFactoryBean with name 'khUserMapper' and 'com.yiya.mapper.KhUserMapper' mapperInterface>
2017-02-28 23:17:59,465 DEBUG [org.mybatis.spring.mapper.MapperScannerConfigurer$Scanner] - <Creating MapperFactoryBean with name 'oddNumMapper' and 'com.yiya.mapper.OddNumMapper' mapperInterface>
2017-02-28 23:17:59,465 DEBUG [org.mybatis.spring.mapper.MapperScannerConfigurer$Scanner] - <Creating MapperFactoryBean with name 'siteColumnMapper' and 'com.yiya.mapper.SiteColumnMapper' mapperInterface>
2017-02-28 23:17:59,465 DEBUG [org.mybatis.spring.mapper.MapperScannerConfigurer$Scanner] - <Creating MapperFactoryBean with name 'siteMainMapper' and 'com.yiya.mapper.SiteMainMapper' mapperInterface>
2017-02-28 23:17:59,465 DEBUG [org.mybatis.spring.mapper.MapperScannerConfigurer$Scanner] - <Creating MapperFactoryBean with name 'siteScoreMapper' and 'com.yiya.mapper.SiteScoreMapper' mapperInterface>
2017-02-28 23:17:59,465 DEBUG [org.mybatis.spring.mapper.MapperScannerConfigurer$Scanner] - <Creating MapperFactoryBean with name 'siteTypeMapper' and 'com.yiya.mapper.SiteTypeMapper' mapperInterface>
2017-02-28 23:17:59,465 DEBUG [org.mybatis.spring.mapper.MapperScannerConfigurer$Scanner] - <Creating MapperFactoryBean with name 'sysMenuBtnMapper' and 'com.yiya.mapper.SysMenuBtnMapper' mapperInterface>
2017-02-28 23:17:59,465 DEBUG [org.mybatis.spring.mapper.MapperScannerConfigurer$Scanner] - <Creating MapperFactoryBean with name 'sysMenuMapper' and 'com.yiya.mapper.SysMenuMapper' mapperInterface>
2017-02-28 23:17:59,465 DEBUG [org.mybatis.spring.mapper.MapperScannerConfigurer$Scanner] - <Creating MapperFactoryBean with name 'sysRoleMapper' and 'com.yiya.mapper.SysRoleMapper' mapperInterface>
2017-02-28 23:17:59,465 DEBUG [org.mybatis.spring.mapper.MapperScannerConfigurer$Scanner] - <Creating MapperFactoryBean with name 'sysRoleRelMapper' and 'com.yiya.mapper.SysRoleRelMapper' mapperInterface>
2017-02-28 23:17:59,465 DEBUG [org.mybatis.spring.mapper.MapperScannerConfigurer$Scanner] - <Creating MapperFactoryBean with name 'sysUserMapper' and 'com.yiya.mapper.SysUserMapper' mapperInterface>
2017-02-28 23:19:28,610 DEBUG [org.apache.ibatis.logging.LogFactory] - <Logging initialized using 'org.apache.ibatis.logging.slf4j.Slf4jImpl' adapter.>
2017-02-28 23:19:28,969 DEBUG [org.mybatis.spring.SqlSessionFactoryBean] - <Parsed configuration file: 'class path resource [mybatis-config.xml]'>
2017-02-28 23:19:29,113 DEBUG [org.mybatis.spring.SqlSessionFactoryBean] - <Property 'mapperLocations' was not specified or no matching resources found>
2017-02-28 23:19:29,222 DEBUG [org.mybatis.spring.mapper.MapperScannerConfigurer$Scanner] - <Identified candidate component class: file [F:\WORK\JAVA\YIYA_MS\WebRoot\WEB-INF\classes\com\yiya\mapper\BaseMapper.class]>
2017-02-28 23:19:29,222 DEBUG [org.mybatis.spring.mapper.MapperScannerConfigurer$Scanner] - <Identified candidate component class: file [F:\WORK\JAVA\YIYA_MS\WebRoot\WEB-INF\classes\com\yiya\mapper\KhUserMapper.class]>
2017-02-28 23:19:29,222 DEBUG [org.mybatis.spring.mapper.MapperScannerConfigurer$Scanner] - <Identified candidate component class: file [F:\WORK\JAVA\YIYA_MS\WebRoot\WEB-INF\classes\com\yiya\mapper\OddNumMapper.class]>
2017-02-28 23:19:29,222 DEBUG [org.mybatis.spring.mapper.MapperScannerConfigurer$Scanner] - <Identified candidate component class: file [F:\WORK\JAVA\YIYA_MS\WebRoot\WEB-INF\classes\com\yiya\mapper\SiteColumnMapper.class]>
2017-02-28 23:19:29,222 DEBUG [org.mybatis.spring.mapper.MapperScannerConfigurer$Scanner] - <Identified candidate component class: file [F:\WORK\JAVA\YIYA_MS\WebRoot\WEB-INF\classes\com\yiya\mapper\SiteMainMapper.class]>
2017-02-28 23:19:29,222 DEBUG [org.mybatis.spring.mapper.MapperScannerConfigurer$Scanner] - <Identified candidate component class: file [F:\WORK\JAVA\YIYA_MS\WebRoot\WEB-INF\classes\com\yiya\mapper\SiteScoreMapper.class]>
2017-02-28 23:19:29,222 DEBUG [org.mybatis.spring.mapper.MapperScannerConfigurer$Scanner] - <Identified candidate component class: file [F:\WORK\JAVA\YIYA_MS\WebRoot\WEB-INF\classes\com\yiya\mapper\SiteTypeMapper.class]>
2017-02-28 23:19:29,222 DEBUG [org.mybatis.spring.mapper.MapperScannerConfigurer$Scanner] - <Identified candidate component class: file [F:\WORK\JAVA\YIYA_MS\WebRoot\WEB-INF\classes\com\yiya\mapper\SysMenuBtnMapper.class]>
2017-02-28 23:19:29,222 DEBUG [org.mybatis.spring.mapper.MapperScannerConfigurer$Scanner] - <Identified candidate component class: file [F:\WORK\JAVA\YIYA_MS\WebRoot\WEB-INF\classes\com\yiya\mapper\SysMenuMapper.class]>
2017-02-28 23:19:29,222 DEBUG [org.mybatis.spring.mapper.MapperScannerConfigurer$Scanner] - <Identified candidate component class: file [F:\WORK\JAVA\YIYA_MS\WebRoot\WEB-INF\classes\com\yiya\mapper\SysRoleMapper.class]>
2017-02-28 23:19:29,222 DEBUG [org.mybatis.spring.mapper.MapperScannerConfigurer$Scanner] - <Identified candidate component class: file [F:\WORK\JAVA\YIYA_MS\WebRoot\WEB-INF\classes\com\yiya\mapper\SysRoleRelMapper.class]>
2017-02-28 23:19:29,222 DEBUG [org.mybatis.spring.mapper.MapperScannerConfigurer$Scanner] - <Identified candidate component class: file [F:\WORK\JAVA\YIYA_MS\WebRoot\WEB-INF\classes\com\yiya\mapper\SysUserMapper.class]>
2017-02-28 23:19:29,222 DEBUG [org.mybatis.spring.mapper.MapperScannerConfigurer$Scanner] - <Creating MapperFactoryBean with name 'baseMapper' and 'com.yiya.mapper.BaseMapper' mapperInterface>
2017-02-28 23:19:29,222 DEBUG [org.mybatis.spring.mapper.MapperScannerConfigurer$Scanner] - <Creating MapperFactoryBean with name 'khUserMapper' and 'com.yiya.mapper.KhUserMapper' mapperInterface>
2017-02-28 23:19:29,222 DEBUG [org.mybatis.spring.mapper.MapperScannerConfigurer$Scanner] - <Creating MapperFactoryBean with name 'oddNumMapper' and 'com.yiya.mapper.OddNumMapper' mapperInterface>
2017-02-28 23:19:29,222 DEBUG [org.mybatis.spring.mapper.MapperScannerConfigurer$Scanner] - <Creating MapperFactoryBean with name 'siteColumnMapper' and 'com.yiya.mapper.SiteColumnMapper' mapperInterface>
2017-02-28 23:19:29,222 DEBUG [org.mybatis.spring.mapper.MapperScannerConfigurer$Scanner] - <Creating MapperFactoryBean with name 'siteMainMapper' and 'com.yiya.mapper.SiteMainMapper' mapperInterface>
2017-02-28 23:19:29,222 DEBUG [org.mybatis.spring.mapper.MapperScannerConfigurer$Scanner] - <Creating MapperFactoryBean with name 'siteScoreMapper' and 'com.yiya.mapper.SiteScoreMapper' mapperInterface>
2017-02-28 23:19:29,222 DEBUG [org.mybatis.spring.mapper.MapperScannerConfigurer$Scanner] - <Creating MapperFactoryBean with name 'siteTypeMapper' and 'com.yiya.mapper.SiteTypeMapper' mapperInterface>
2017-02-28 23:19:29,222 DEBUG [org.mybatis.spring.mapper.MapperScannerConfigurer$Scanner] - <Creating MapperFactoryBean with name 'sysMenuBtnMapper' and 'com.yiya.mapper.SysMenuBtnMapper' mapperInterface>
2017-02-28 23:19:29,222 DEBUG [org.mybatis.spring.mapper.MapperScannerConfigurer$Scanner] - <Creating MapperFactoryBean with name 'sysMenuMapper' and 'com.yiya.mapper.SysMenuMapper' mapperInterface>
2017-02-28 23:19:29,222 DEBUG [org.mybatis.spring.mapper.MapperScannerConfigurer$Scanner] - <Creating MapperFactoryBean with name 'sysRoleMapper' and 'com.yiya.mapper.SysRoleMapper' mapperInterface>
2017-02-28 23:19:29,222 DEBUG [org.mybatis.spring.mapper.MapperScannerConfigurer$Scanner] - <Creating MapperFactoryBean with name 'sysRoleRelMapper' and 'com.yiya.mapper.SysRoleRelMapper' mapperInterface>
2017-02-28 23:19:29,222 DEBUG [org.mybatis.spring.mapper.MapperScannerConfigurer$Scanner] - <Creating MapperFactoryBean with name 'sysUserMapper' and 'com.yiya.mapper.SysUserMapper' mapperInterface>
2017-02-28 23:19:54,085 DEBUG [org.apache.ibatis.logging.LogFactory] - <Logging initialized using 'org.apache.ibatis.logging.slf4j.Slf4jImpl' adapter.>
2017-02-28 23:19:54,429 DEBUG [org.mybatis.spring.SqlSessionFactoryBean] - <Parsed configuration file: 'class path resource [mybatis-config.xml]'>
2017-02-28 23:19:54,583 DEBUG [org.mybatis.spring.SqlSessionFactoryBean] - <Property 'mapperLocations' was not specified or no matching resources found>
2017-02-28 23:19:54,692 DEBUG [org.mybatis.spring.mapper.MapperScannerConfigurer$Scanner] - <Identified candidate component class: file [F:\WORK\JAVA\YIYA_MS\WebRoot\WEB-INF\classes\com\yiya\mapper\BaseMapper.class]>
2017-02-28 23:19:54,692 DEBUG [org.mybatis.spring.mapper.MapperScannerConfigurer$Scanner] - <Identified candidate component class: file [F:\WORK\JAVA\YIYA_MS\WebRoot\WEB-INF\classes\com\yiya\mapper\KhUserMapper.class]>
2017-02-28 23:19:54,692 DEBUG [org.mybatis.spring.mapper.MapperScannerConfigurer$Scanner] - <Identified candidate component class: file [F:\WORK\JAVA\YIYA_MS\WebRoot\WEB-INF\classes\com\yiya\mapper\OddNumMapper.class]>
2017-02-28 23:19:54,692 DEBUG [org.mybatis.spring.mapper.MapperScannerConfigurer$Scanner] - <Identified candidate component class: file [F:\WORK\JAVA\YIYA_MS\WebRoot\WEB-INF\classes\com\yiya\mapper\SiteColumnMapper.class]>
2017-02-28 23:19:54,692 DEBUG [org.mybatis.spring.mapper.MapperScannerConfigurer$Scanner] - <Identified candidate component class: file [F:\WORK\JAVA\YIYA_MS\WebRoot\WEB-INF\classes\com\yiya\mapper\SiteMainMapper.class]>
2017-02-28 23:19:54,692 DEBUG [org.mybatis.spring.mapper.MapperScannerConfigurer$Scanner] - <Identified candidate component class: file [F:\WORK\JAVA\YIYA_MS\WebRoot\WEB-INF\classes\com\yiya\mapper\SiteScoreMapper.class]>
2017-02-28 23:19:54,692 DEBUG [org.mybatis.spring.mapper.MapperScannerConfigurer$Scanner] - <Identified candidate component class: file [F:\WORK\JAVA\YIYA_MS\WebRoot\WEB-INF\classes\com\yiya\mapper\SiteTypeMapper.class]>
2017-02-28 23:19:54,692 DEBUG [org.mybatis.spring.mapper.MapperScannerConfigurer$Scanner] - <Identified candidate component class: file [F:\WORK\JAVA\YIYA_MS\WebRoot\WEB-INF\classes\com\yiya\mapper\SysMenuBtnMapper.class]>
2017-02-28 23:19:54,692 DEBUG [org.mybatis.spring.mapper.MapperScannerConfigurer$Scanner] - <Identified candidate component class: file [F:\WORK\JAVA\YIYA_MS\WebRoot\WEB-INF\classes\com\yiya\mapper\SysMenuMapper.class]>
2017-02-28 23:19:54,692 DEBUG [org.mybatis.spring.mapper.MapperScannerConfigurer$Scanner] - <Identified candidate component class: file [F:\WORK\JAVA\YIYA_MS\WebRoot\WEB-INF\classes\com\yiya\mapper\SysRoleMapper.class]>
2017-02-28 23:19:54,692 DEBUG [org.mybatis.spring.mapper.MapperScannerConfigurer$Scanner] - <Identified candidate component class: file [F:\WORK\JAVA\YIYA_MS\WebRoot\WEB-INF\classes\com\yiya\mapper\SysRoleRelMapper.class]>
2017-02-28 23:19:54,692 DEBUG [org.mybatis.spring.mapper.MapperScannerConfigurer$Scanner] - <Identified candidate component class: file [F:\WORK\JAVA\YIYA_MS\WebRoot\WEB-INF\classes\com\yiya\mapper\SysUserMapper.class]>
2017-02-28 23:19:54,692 DEBUG [org.mybatis.spring.mapper.MapperScannerConfigurer$Scanner] - <Creating MapperFactoryBean with name 'baseMapper' and 'com.yiya.mapper.BaseMapper' mapperInterface>
2017-02-28 23:19:54,692 DEBUG [org.mybatis.spring.mapper.MapperScannerConfigurer$Scanner] - <Creating MapperFactoryBean with name 'khUserMapper' and 'com.yiya.mapper.KhUserMapper' mapperInterface>
2017-02-28 23:19:54,692 DEBUG [org.mybatis.spring.mapper.MapperScannerConfigurer$Scanner] - <Creating MapperFactoryBean with name 'oddNumMapper' and 'com.yiya.mapper.OddNumMapper' mapperInterface>
2017-02-28 23:19:54,692 DEBUG [org.mybatis.spring.mapper.MapperScannerConfigurer$Scanner] - <Creating MapperFactoryBean with name 'siteColumnMapper' and 'com.yiya.mapper.SiteColumnMapper' mapperInterface>
2017-02-28 23:19:54,692 DEBUG [org.mybatis.spring.mapper.MapperScannerConfigurer$Scanner] - <Creating MapperFactoryBean with name 'siteMainMapper' and 'com.yiya.mapper.SiteMainMapper' mapperInterface>
2017-02-28 23:19:54,692 DEBUG [org.mybatis.spring.mapper.MapperScannerConfigurer$Scanner] - <Creating MapperFactoryBean with name 'siteScoreMapper' and 'com.yiya.mapper.SiteScoreMapper' mapperInterface>
2017-02-28 23:19:54,692 DEBUG [org.mybatis.spring.mapper.MapperScannerConfigurer$Scanner] - <Creating MapperFactoryBean with name 'siteTypeMapper' and 'com.yiya.mapper.SiteTypeMapper' mapperInterface>
2017-02-28 23:19:54,692 DEBUG [org.mybatis.spring.mapper.MapperScannerConfigurer$Scanner] - <Creating MapperFactoryBean with name 'sysMenuBtnMapper' and 'com.yiya.mapper.SysMenuBtnMapper' mapperInterface>
2017-02-28 23:19:54,692 DEBUG [org.mybatis.spring.mapper.MapperScannerConfigurer$Scanner] - <Creating MapperFactoryBean with name 'sysMenuMapper' and 'com.yiya.mapper.SysMenuMapper' mapperInterface>
2017-02-28 23:19:54,692 DEBUG [org.mybatis.spring.mapper.MapperScannerConfigurer$Scanner] - <Creating MapperFactoryBean with name 'sysRoleMapper' and 'com.yiya.mapper.SysRoleMapper' mapperInterface>
2017-02-28 23:19:54,692 DEBUG [org.mybatis.spring.mapper.MapperScannerConfigurer$Scanner] - <Creating MapperFactoryBean with name 'sysRoleRelMapper' and 'com.yiya.mapper.SysRoleRelMapper' mapperInterface>
2017-02-28 23:19:54,692 DEBUG [org.mybatis.spring.mapper.MapperScannerConfigurer$Scanner] - <Creating MapperFactoryBean with name 'sysUserMapper' and 'com.yiya.mapper.SysUserMapper' mapperInterface>
2017-02-28 23:28:08,606 DEBUG [org.apache.ibatis.logging.LogFactory] - <Logging initialized using 'org.apache.ibatis.logging.slf4j.Slf4jImpl' adapter.>
2017-02-28 23:28:08,965 DEBUG [org.mybatis.spring.SqlSessionFactoryBean] - <Parsed configuration file: 'class path resource [mybatis-config.xml]'>
2017-02-28 23:28:09,099 DEBUG [org.mybatis.spring.SqlSessionFactoryBean] - <Property 'mapperLocations' was not specified or no matching resources found>
2017-02-28 23:28:09,208 DEBUG [org.mybatis.spring.mapper.MapperScannerConfigurer$Scanner] - <Identified candidate component class: file [F:\WORK\JAVA\YIYA_MS\WebRoot\WEB-INF\classes\com\yiya\mapper\BaseMapper.class]>
2017-02-28 23:28:09,208 DEBUG [org.mybatis.spring.mapper.MapperScannerConfigurer$Scanner] - <Identified candidate component class: file [F:\WORK\JAVA\YIYA_MS\WebRoot\WEB-INF\classes\com\yiya\mapper\KhUserMapper.class]>
2017-02-28 23:28:09,208 DEBUG [org.mybatis.spring.mapper.MapperScannerConfigurer$Scanner] - <Identified candidate component class: file [F:\WORK\JAVA\YIYA_MS\WebRoot\WEB-INF\classes\com\yiya\mapper\OddNumMapper.class]>
2017-02-28 23:28:09,208 DEBUG [org.mybatis.spring.mapper.MapperScannerConfigurer$Scanner] - <Identified candidate component class: file [F:\WORK\JAVA\YIYA_MS\WebRoot\WEB-INF\classes\com\yiya\mapper\SiteColumnMapper.class]>
2017-02-28 23:28:09,208 DEBUG [org.mybatis.spring.mapper.MapperScannerConfigurer$Scanner] - <Identified candidate component class: file [F:\WORK\JAVA\YIYA_MS\WebRoot\WEB-INF\classes\com\yiya\mapper\SiteMainMapper.class]>
2017-02-28 23:28:09,208 DEBUG [org.mybatis.spring.mapper.MapperScannerConfigurer$Scanner] - <Identified candidate component class: file [F:\WORK\JAVA\YIYA_MS\WebRoot\WEB-INF\classes\com\yiya\mapper\SiteScoreMapper.class]>
2017-02-28 23:28:09,208 DEBUG [org.mybatis.spring.mapper.MapperScannerConfigurer$Scanner] - <Identified candidate component class: file [F:\WORK\JAVA\YIYA_MS\WebRoot\WEB-INF\classes\com\yiya\mapper\SiteTypeMapper.class]>
2017-02-28 23:28:09,208 DEBUG [org.mybatis.spring.mapper.MapperScannerConfigurer$Scanner] - <Identified candidate component class: file [F:\WORK\JAVA\YIYA_MS\WebRoot\WEB-INF\classes\com\yiya\mapper\SysMenuBtnMapper.class]>
2017-02-28 23:28:09,208 DEBUG [org.mybatis.spring.mapper.MapperScannerConfigurer$Scanner] - <Identified candidate component class: file [F:\WORK\JAVA\YIYA_MS\WebRoot\WEB-INF\classes\com\yiya\mapper\SysMenuMapper.class]>
2017-02-28 23:28:09,208 DEBUG [org.mybatis.spring.mapper.MapperScannerConfigurer$Scanner] - <Identified candidate component class: file [F:\WORK\JAVA\YIYA_MS\WebRoot\WEB-INF\classes\com\yiya\mapper\SysRoleMapper.class]>
2017-02-28 23:28:09,208 DEBUG [org.mybatis.spring.mapper.MapperScannerConfigurer$Scanner] - <Identified candidate component class: file [F:\WORK\JAVA\YIYA_MS\WebRoot\WEB-INF\classes\com\yiya\mapper\SysRoleRelMapper.class]>
2017-02-28 23:28:09,208 DEBUG [org.mybatis.spring.mapper.MapperScannerConfigurer$Scanner] - <Identified candidate component class: file [F:\WORK\JAVA\YIYA_MS\WebRoot\WEB-INF\classes\com\yiya\mapper\SysUserMapper.class]>
2017-02-28 23:28:09,208 DEBUG [org.mybatis.spring.mapper.MapperScannerConfigurer$Scanner] - <Creating MapperFactoryBean with name 'baseMapper' and 'com.yiya.mapper.BaseMapper' mapperInterface>
2017-02-28 23:28:09,208 DEBUG [org.mybatis.spring.mapper.MapperScannerConfigurer$Scanner] - <Creating MapperFactoryBean with name 'khUserMapper' and 'com.yiya.mapper.KhUserMapper' mapperInterface>
2017-02-28 23:28:09,208 DEBUG [org.mybatis.spring.mapper.MapperScannerConfigurer$Scanner] - <Creating MapperFactoryBean with name 'oddNumMapper' and 'com.yiya.mapper.OddNumMapper' mapperInterface>
2017-02-28 23:28:09,208 DEBUG [org.mybatis.spring.mapper.MapperScannerConfigurer$Scanner] - <Creating MapperFactoryBean with name 'siteColumnMapper' and 'com.yiya.mapper.SiteColumnMapper' mapperInterface>
2017-02-28 23:28:09,208 DEBUG [org.mybatis.spring.mapper.MapperScannerConfigurer$Scanner] - <Creating MapperFactoryBean with name 'siteMainMapper' and 'com.yiya.mapper.SiteMainMapper' mapperInterface>
2017-02-28 23:28:09,208 DEBUG [org.mybatis.spring.mapper.MapperScannerConfigurer$Scanner] - <Creating MapperFactoryBean with name 'siteScoreMapper' and 'com.yiya.mapper.SiteScoreMapper' mapperInterface>
2017-02-28 23:28:09,208 DEBUG [org.mybatis.spring.mapper.MapperScannerConfigurer$Scanner] - <Creating MapperFactoryBean with name 'siteTypeMapper' and 'com.yiya.mapper.SiteTypeMapper' mapperInterface>
2017-02-28 23:28:09,208 DEBUG [org.mybatis.spring.mapper.MapperScannerConfigurer$Scanner] - <Creating MapperFactoryBean with name 'sysMenuBtnMapper' and 'com.yiya.mapper.SysMenuBtnMapper' mapperInterface>
2017-02-28 23:28:09,208 DEBUG [org.mybatis.spring.mapper.MapperScannerConfigurer$Scanner] - <Creating MapperFactoryBean with name 'sysMenuMapper' and 'com.yiya.mapper.SysMenuMapper' mapperInterface>
2017-02-28 23:28:09,208 DEBUG [org.mybatis.spring.mapper.MapperScannerConfigurer$Scanner] - <Creating MapperFactoryBean with name 'sysRoleMapper' and 'com.yiya.mapper.SysRoleMapper' mapperInterface>
2017-02-28 23:28:09,208 DEBUG [org.mybatis.spring.mapper.MapperScannerConfigurer$Scanner] - <Creating MapperFactoryBean with name 'sysRoleRelMapper' and 'com.yiya.mapper.SysRoleRelMapper' mapperInterface>
2017-02-28 23:28:09,208 DEBUG [org.mybatis.spring.mapper.MapperScannerConfigurer$Scanner] - <Creating MapperFactoryBean with name 'sysUserMapper' and 'com.yiya.mapper.SysUserMapper' mapperInterface>
2017-03-01 17:44:33,356 DEBUG [org.apache.ibatis.logging.LogFactory] - <Logging initialized using 'org.apache.ibatis.logging.slf4j.Slf4jImpl' adapter.>
2017-03-01 17:44:34,067 DEBUG [org.mybatis.spring.SqlSessionFactoryBean] - <Parsed configuration file: 'class path resource [mybatis-config.xml]'>
2017-03-01 17:44:34,673 DEBUG [org.mybatis.spring.SqlSessionFactoryBean] - <Property 'mapperLocations' was not specified or no matching resources found>
2017-03-01 17:44:34,883 DEBUG [org.mybatis.spring.mapper.MapperScannerConfigurer$Scanner] - <Identified candidate component class: file [F:\WORK\JAVA\YIYA_MS\WebRoot\WEB-INF\classes\com\yiya\mapper\BaseMapper.class]>
2017-03-01 17:44:34,884 DEBUG [org.mybatis.spring.mapper.MapperScannerConfigurer$Scanner] - <Identified candidate component class: file [F:\WORK\JAVA\YIYA_MS\WebRoot\WEB-INF\classes\com\yiya\mapper\KhUserMapper.class]>
2017-03-01 17:44:34,913 DEBUG [org.mybatis.spring.mapper.MapperScannerConfigurer$Scanner] - <Identified candidate component class: file [F:\WORK\JAVA\YIYA_MS\WebRoot\WEB-INF\classes\com\yiya\mapper\OddNumMapper.class]>
2017-03-01 17:44:34,914 DEBUG [org.mybatis.spring.mapper.MapperScannerConfigurer$Scanner] - <Identified candidate component class: file [F:\WORK\JAVA\YIYA_MS\WebRoot\WEB-INF\classes\com\yiya\mapper\SiteColumnMapper.class]>
2017-03-01 17:44:34,914 DEBUG [org.mybatis.spring.mapper.MapperScannerConfigurer$Scanner] - <Identified candidate component class: file [F:\WORK\JAVA\YIYA_MS\WebRoot\WEB-INF\classes\com\yiya\mapper\SiteMainMapper.class]>
2017-03-01 17:44:34,914 DEBUG [org.mybatis.spring.mapper.MapperScannerConfigurer$Scanner] - <Identified candidate component class: file [F:\WORK\JAVA\YIYA_MS\WebRoot\WEB-INF\classes\com\yiya\mapper\SiteScoreMapper.class]>
2017-03-01 17:44:34,914 DEBUG [org.mybatis.spring.mapper.MapperScannerConfigurer$Scanner] - <Identified candidate component class: file [F:\WORK\JAVA\YIYA_MS\WebRoot\WEB-INF\classes\com\yiya\mapper\SiteTypeMapper.class]>
2017-03-01 17:44:34,915 DEBUG [org.mybatis.spring.mapper.MapperScannerConfigurer$Scanner] - <Identified candidate component class: file [F:\WORK\JAVA\YIYA_MS\WebRoot\WEB-INF\classes\com\yiya\mapper\SysMenuBtnMapper.class]>
2017-03-01 17:44:34,915 DEBUG [org.mybatis.spring.mapper.MapperScannerConfigurer$Scanner] - <Identified candidate component class: file [F:\WORK\JAVA\YIYA_MS\WebRoot\WEB-INF\classes\com\yiya\mapper\SysMenuMapper.class]>
2017-03-01 17:44:34,915 DEBUG [org.mybatis.spring.mapper.MapperScannerConfigurer$Scanner] - <Identified candidate component class: file [F:\WORK\JAVA\YIYA_MS\WebRoot\WEB-INF\classes\com\yiya\mapper\SysRoleMapper.class]>
2017-03-01 17:44:34,915 DEBUG [org.mybatis.spring.mapper.MapperScannerConfigurer$Scanner] - <Identified candidate component class: file [F:\WORK\JAVA\YIYA_MS\WebRoot\WEB-INF\classes\com\yiya\mapper\SysRoleRelMapper.class]>
2017-03-01 17:44:34,916 DEBUG [org.mybatis.spring.mapper.MapperScannerConfigurer$Scanner] - <Identified candidate component class: file [F:\WORK\JAVA\YIYA_MS\WebRoot\WEB-INF\classes\com\yiya\mapper\SysUserMapper.class]>
2017-03-01 17:44:34,917 DEBUG [org.mybatis.spring.mapper.MapperScannerConfigurer$Scanner] - <Creating MapperFactoryBean with name 'baseMapper' and 'com.yiya.mapper.BaseMapper' mapperInterface>
2017-03-01 17:44:34,918 DEBUG [org.mybatis.spring.mapper.MapperScannerConfigurer$Scanner] - <Creating MapperFactoryBean with name 'khUserMapper' and 'com.yiya.mapper.KhUserMapper' mapperInterface>
2017-03-01 17:44:34,919 DEBUG [org.mybatis.spring.mapper.MapperScannerConfigurer$Scanner] - <Creating MapperFactoryBean with name 'oddNumMapper' and 'com.yiya.mapper.OddNumMapper' mapperInterface>
2017-03-01 17:44:34,919 DEBUG [org.mybatis.spring.mapper.MapperScannerConfigurer$Scanner] - <Creating MapperFactoryBean with name 'siteColumnMapper' and 'com.yiya.mapper.SiteColumnMapper' mapperInterface>
2017-03-01 17:44:34,919 DEBUG [org.mybatis.spring.mapper.MapperScannerConfigurer$Scanner] - <Creating MapperFactoryBean with name 'siteMainMapper' and 'com.yiya.mapper.SiteMainMapper' mapperInterface>
2017-03-01 17:44:34,919 DEBUG [org.mybatis.spring.mapper.MapperScannerConfigurer$Scanner] - <Creating MapperFactoryBean with name 'siteScoreMapper' and 'com.yiya.mapper.SiteScoreMapper' mapperInterface>
2017-03-01 17:44:34,920 DEBUG [org.mybatis.spring.mapper.MapperScannerConfigurer$Scanner] - <Creating MapperFactoryBean with name 'siteTypeMapper' and 'com.yiya.mapper.SiteTypeMapper' mapperInterface>
2017-03-01 17:44:34,920 DEBUG [org.mybatis.spring.mapper.MapperScannerConfigurer$Scanner] - <Creating MapperFactoryBean with name 'sysMenuBtnMapper' and 'com.yiya.mapper.SysMenuBtnMapper' mapperInterface>
2017-03-01 17:44:34,920 DEBUG [org.mybatis.spring.mapper.MapperScannerConfigurer$Scanner] - <Creating MapperFactoryBean with name 'sysMenuMapper' and 'com.yiya.mapper.SysMenuMapper' mapperInterface>
2017-03-01 17:44:34,920 DEBUG [org.mybatis.spring.mapper.MapperScannerConfigurer$Scanner] - <Creating MapperFactoryBean with name 'sysRoleMapper' and 'com.yiya.mapper.SysRoleMapper' mapperInterface>
2017-03-01 17:44:34,920 DEBUG [org.mybatis.spring.mapper.MapperScannerConfigurer$Scanner] - <Creating MapperFactoryBean with name 'sysRoleRelMapper' and 'com.yiya.mapper.SysRoleRelMapper' mapperInterface>
2017-03-01 17:44:34,920 DEBUG [org.mybatis.spring.mapper.MapperScannerConfigurer$Scanner] - <Creating MapperFactoryBean with name 'sysUserMapper' and 'com.yiya.mapper.SysUserMapper' mapperInterface>
2017-03-01 17:45:06,847 DEBUG [org.apache.ibatis.logging.LogFactory] - <Logging initialized using 'org.apache.ibatis.logging.slf4j.Slf4jImpl' adapter.>
2017-03-01 17:45:07,229 DEBUG [org.mybatis.spring.SqlSessionFactoryBean] - <Parsed configuration file: 'class path resource [mybatis-config.xml]'>
2017-03-01 17:45:07,412 DEBUG [org.mybatis.spring.SqlSessionFactoryBean] - <Property 'mapperLocations' was not specified or no matching resources found>
2017-03-01 17:45:07,533 DEBUG [org.mybatis.spring.mapper.MapperScannerConfigurer$Scanner] - <Identified candidate component class: file [F:\WORK\JAVA\YIYA_MS\WebRoot\WEB-INF\classes\com\yiya\mapper\BaseMapper.class]>
2017-03-01 17:45:07,533 DEBUG [org.mybatis.spring.mapper.MapperScannerConfigurer$Scanner] - <Identified candidate component class: file [F:\WORK\JAVA\YIYA_MS\WebRoot\WEB-INF\classes\com\yiya\mapper\KhUserMapper.class]>
2017-03-01 17:45:07,534 DEBUG [org.mybatis.spring.mapper.MapperScannerConfigurer$Scanner] - <Identified candidate component class: file [F:\WORK\JAVA\YIYA_MS\WebRoot\WEB-INF\classes\com\yiya\mapper\OddNumMapper.class]>
2017-03-01 17:45:07,534 DEBUG [org.mybatis.spring.mapper.MapperScannerConfigurer$Scanner] - <Identified candidate component class: file [F:\WORK\JAVA\YIYA_MS\WebRoot\WEB-INF\classes\com\yiya\mapper\SiteColumnMapper.class]>
2017-03-01 17:45:07,534 DEBUG [org.mybatis.spring.mapper.MapperScannerConfigurer$Scanner] - <Identified candidate component class: file [F:\WORK\JAVA\YIYA_MS\WebRoot\WEB-INF\classes\com\yiya\mapper\SiteMainMapper.class]>
2017-03-01 17:45:07,535 DEBUG [org.mybatis.spring.mapper.MapperScannerConfigurer$Scanner] - <Identified candidate component class: file [F:\WORK\JAVA\YIYA_MS\WebRoot\WEB-INF\classes\com\yiya\mapper\SiteScoreMapper.class]>
2017-03-01 17:45:07,535 DEBUG [org.mybatis.spring.mapper.MapperScannerConfigurer$Scanner] - <Identified candidate component class: file [F:\WORK\JAVA\YIYA_MS\WebRoot\WEB-INF\classes\com\yiya\mapper\SiteTypeMapper.class]>
2017-03-01 17:45:07,535 DEBUG [org.mybatis.spring.mapper.MapperScannerConfigurer$Scanner] - <Identified candidate component class: file [F:\WORK\JAVA\YIYA_MS\WebRoot\WEB-INF\classes\com\yiya\mapper\SysMenuBtnMapper.class]>
2017-03-01 17:45:07,536 DEBUG [org.mybatis.spring.mapper.MapperScannerConfigurer$Scanner] - <Identified candidate component class: file [F:\WORK\JAVA\YIYA_MS\WebRoot\WEB-INF\classes\com\yiya\mapper\SysMenuMapper.class]>
2017-03-01 17:45:07,536 DEBUG [org.mybatis.spring.mapper.MapperScannerConfigurer$Scanner] - <Identified candidate component class: file [F:\WORK\JAVA\YIYA_MS\WebRoot\WEB-INF\classes\com\yiya\mapper\SysRoleMapper.class]>
2017-03-01 17:45:07,537 DEBUG [org.mybatis.spring.mapper.MapperScannerConfigurer$Scanner] - <Identified candidate component class: file [F:\WORK\JAVA\YIYA_MS\WebRoot\WEB-INF\classes\com\yiya\mapper\SysRoleRelMapper.class]>
2017-03-01 17:45:07,537 DEBUG [org.mybatis.spring.mapper.MapperScannerConfigurer$Scanner] - <Identified candidate component class: file [F:\WORK\JAVA\YIYA_MS\WebRoot\WEB-INF\classes\com\yiya\mapper\SysUserMapper.class]>
2017-03-01 17:45:07,538 DEBUG [org.mybatis.spring.mapper.MapperScannerConfigurer$Scanner] - <Creating MapperFactoryBean with name 'baseMapper' and 'com.yiya.mapper.BaseMapper' mapperInterface>
2017-03-01 17:45:07,539 DEBUG [org.mybatis.spring.mapper.MapperScannerConfigurer$Scanner] - <Creating MapperFactoryBean with name 'khUserMapper' and 'com.yiya.mapper.KhUserMapper' mapperInterface>
2017-03-01 17:45:07,539 DEBUG [org.mybatis.spring.mapper.MapperScannerConfigurer$Scanner] - <Creating MapperFactoryBean with name 'oddNumMapper' and 'com.yiya.mapper.OddNumMapper' mapperInterface>
2017-03-01 17:45:07,539 DEBUG [org.mybatis.spring.mapper.MapperScannerConfigurer$Scanner] - <Creating MapperFactoryBean with name 'siteColumnMapper' and 'com.yiya.mapper.SiteColumnMapper' mapperInterface>
2017-03-01 17:45:07,539 DEBUG [org.mybatis.spring.mapper.MapperScannerConfigurer$Scanner] - <Creating MapperFactoryBean with name 'siteMainMapper' and 'com.yiya.mapper.SiteMainMapper' mapperInterface>
2017-03-01 17:45:07,540 DEBUG [org.mybatis.spring.mapper.MapperScannerConfigurer$Scanner] - <Creating MapperFactoryBean with name 'siteScoreMapper' and 'com.yiya.mapper.SiteScoreMapper' mapperInterface>
2017-03-01 17:45:07,540 DEBUG [org.mybatis.spring.mapper.MapperScannerConfigurer$Scanner] - <Creating MapperFactoryBean with name 'siteTypeMapper' and 'com.yiya.mapper.SiteTypeMapper' mapperInterface>
2017-03-01 17:45:07,540 DEBUG [org.mybatis.spring.mapper.MapperScannerConfigurer$Scanner] - <Creating MapperFactoryBean with name 'sysMenuBtnMapper' and 'com.yiya.mapper.SysMenuBtnMapper' mapperInterface>
2017-03-01 17:45:07,540 DEBUG [org.mybatis.spring.mapper.MapperScannerConfigurer$Scanner] - <Creating MapperFactoryBean with name 'sysMenuMapper' and 'com.yiya.mapper.SysMenuMapper' mapperInterface>
2017-03-01 17:45:07,540 DEBUG [org.mybatis.spring.mapper.MapperScannerConfigurer$Scanner] - <Creating MapperFactoryBean with name 'sysRoleMapper' and 'com.yiya.mapper.SysRoleMapper' mapperInterface>
2017-03-01 17:45:07,540 DEBUG [org.mybatis.spring.mapper.MapperScannerConfigurer$Scanner] - <Creating MapperFactoryBean with name 'sysRoleRelMapper' and 'com.yiya.mapper.SysRoleRelMapper' mapperInterface>
2017-03-01 17:45:07,540 DEBUG [org.mybatis.spring.mapper.MapperScannerConfigurer$Scanner] - <Creating MapperFactoryBean with name 'sysUserMapper' and 'com.yiya.mapper.SysUserMapper' mapperInterface>
2017-03-03 15:13:54,388 ERROR [org.apache.velocity] - <ResourceManager : unable to find resource 'Templebean.vm' in any resource loader.>
2017-03-03 15:13:54,436 ERROR [com.yiya.utils.CommonPageParser] - <org.apache.velocity.exception.ResourceNotFoundException: Unable to find resource 'Templebean.vm'>
2017-03-03 15:15:17,583 ERROR [org.apache.velocity] - <ResourceManager : unable to find resource 'F:\WORK\JAVA\YIYA_MS\WebRoot\temples\Templebean.vm' in any resource loader.>
2017-03-03 15:15:17,584 ERROR [com.yiya.utils.CommonPageParser] - <org.apache.velocity.exception.ResourceNotFoundException: Unable to find resource 'F:\WORK\JAVA\YIYA_MS\WebRoot\temples\Templebean.vm'>
2017-03-03 15:16:37,813 ERROR [org.apache.velocity] - <ResourceManager : unable to find resource 'Templebean.vm' in any resource loader.>
2017-03-03 15:16:37,815 ERROR [com.yiya.utils.CommonPageParser] - <org.apache.velocity.exception.ResourceNotFoundException: Unable to find resource 'Templebean.vm'>
2017-03-03 15:19:25,946 ERROR [org.apache.velocity] - <ResourceManager : unable to find resource 'Templebean.vm' in any resource loader.>
2017-03-03 15:19:25,946 ERROR [com.yiya.utils.CommonPageParser] - <org.apache.velocity.exception.ResourceNotFoundException: Unable to find resource 'Templebean.vm'>
2017-03-03 15:36:19,678 INFO [com.yiya.utils.CommonPageParser] - <替换文件F:\WORK\JAVA\YIYA_MS\src\com\yiya\bean\LogisTics.java>
2017-03-03 16:48:07,265 INFO [com.yiya.utils.CommonPageParser] - <替换文件F:\WORK\JAVA\YIYA_MS\src\com\yiya\bean\LogisTics.java>
2017-03-03 16:57:36,606 INFO [com.yiya.utils.CommonPageParser] - <替换文件F:\WORK\JAVA\YIYA_MS\src\com\yiya\bean\LogisTics.java>
2017-03-03 16:57:36,616 INFO [com.yiya.utils.CommonPageParser] - <替换文件F:\WORK\JAVA\YIYA_MS\src\com\yiya\model\LogisTicsModel.java>
2017-03-03 16:57:36,617 INFO [com.yiya.utils.CommonPageParser] - <替换文件F:\WORK\JAVA\YIYA_MS\src\com\yiya\mapper\LogisTicsMapper.java>
2017-03-03 16:57:36,618 INFO [com.yiya.utils.CommonPageParser] - <替换文件F:\WORK\JAVA\YIYA_MS\src\com\yiya\service\LogisTicsService.java>
2017-03-03 16:57:36,620 INFO [com.yiya.utils.CommonPageParser] - <替换文件F:\WORK\JAVA\YIYA_MS\src\com\yiya\mybatis\LogisTicsMapper.xml>
2017-03-03 16:57:36,626 ERROR [org.apache.velocity] - <Parser Exception: TempleMapperXml.vm>
org.apache.velocity.runtime.parser.ParseException: Encountered "#end\r\n" at line 77, column 1.
Was expecting one of:
    <EOF> 
    "(" ...
    <RPAREN> ...
    <ESCAPE_DIRECTIVE> ...
    <SET_DIRECTIVE> ...
    "##" ...
    "\\\\" ...
    "\\" ...
    <TEXT> ...
    "*#" ...
    "*#" ...
    "]]#" ...
    <STRING_LITERAL> ...
    <IF_DIRECTIVE> ...
    <INTEGER_LITERAL> ...
    <FLOATING_POINT_LITERAL> ...
    <WORD> ...
    <BRACKETED_WORD> ...
    <IDENTIFIER> ...
    <DOT> ...
    "{" ...
    "}" ...
    <EMPTY_INDEX> ...
    
	at org.apache.velocity.runtime.parser.Parser.generateParseException(Parser.java:3679)
	at org.apache.velocity.runtime.parser.Parser.jj_consume_token(Parser.java:3558)
	at org.apache.velocity.runtime.parser.Parser.process(Parser.java:319)
	at org.apache.velocity.runtime.parser.Parser.parse(Parser.java:117)
	at org.apache.velocity.runtime.RuntimeInstance.parse(RuntimeInstance.java:1226)
	at org.apache.velocity.runtime.RuntimeInstance.parse(RuntimeInstance.java:1181)
	at org.apache.velocity.Template.process(Template.java:134)
	at org.apache.velocity.runtime.resource.ResourceManagerImpl.loadResource(ResourceManagerImpl.java:437)
	at org.apache.velocity.runtime.resource.ResourceManagerImpl.getResource(ResourceManagerImpl.java:352)
	at org.apache.velocity.runtime.RuntimeInstance.getTemplate(RuntimeInstance.java:1533)
	at org.apache.velocity.app.VelocityEngine.getTemplate(VelocityEngine.java:392)
	at com.yiya.utils.CommonPageParser.WriterPage(CommonPageParser.java:87)
	at com.yiya.utils.CreateJava.main(CreateJava.java:89)
2017-03-03 16:57:36,629 ERROR [org.apache.velocity] - <ResourceManager.getResource() parse exception>
org.apache.velocity.exception.ParseErrorException: Encountered "#end\r\n" at TempleMapperXml.vm[line 77, column 1]
Was expecting one of:
    <EOF> 
    "(" ...
    <RPAREN> ...
    <ESCAPE_DIRECTIVE> ...
    <SET_DIRECTIVE> ...
    "##" ...
    "\\\\" ...
    "\\" ...
    <TEXT> ...
    "*#" ...
    "*#" ...
    "]]#" ...
    <STRING_LITERAL> ...
    <IF_DIRECTIVE> ...
    <INTEGER_LITERAL> ...
    <FLOATING_POINT_LITERAL> ...
    <WORD> ...
    <BRACKETED_WORD> ...
    <IDENTIFIER> ...
    <DOT> ...
    "{" ...
    "}" ...
    <EMPTY_INDEX> ...
    
	at org.apache.velocity.Template.process(Template.java:151)
	at org.apache.velocity.runtime.resource.ResourceManagerImpl.loadResource(ResourceManagerImpl.java:437)
	at org.apache.velocity.runtime.resource.ResourceManagerImpl.getResource(ResourceManagerImpl.java:352)
	at org.apache.velocity.runtime.RuntimeInstance.getTemplate(RuntimeInstance.java:1533)
	at org.apache.velocity.app.VelocityEngine.getTemplate(VelocityEngine.java:392)
	at com.yiya.utils.CommonPageParser.WriterPage(CommonPageParser.java:87)
	at com.yiya.utils.CreateJava.main(CreateJava.java:89)
2017-03-03 16:57:36,630 ERROR [com.yiya.utils.CommonPageParser] - <org.apache.velocity.exception.ParseErrorException: Encountered "#end\r\n" at TempleMapperXml.vm[line 77, column 1]
Was expecting one of:
    <EOF> 
    "(" ...
    <RPAREN> ...
    <ESCAPE_DIRECTIVE> ...
    <SET_DIRECTIVE> ...
    "##" ...
    "\\\\" ...
    "\\" ...
    <TEXT> ...
    "*#" ...
    "*#" ...
    "]]#" ...
    <STRING_LITERAL> ...
    <IF_DIRECTIVE> ...
    <INTEGER_LITERAL> ...
    <FLOATING_POINT_LITERAL> ...
    <WORD> ...
    <BRACKETED_WORD> ...
    <IDENTIFIER> ...
    <DOT> ...
    "{" ...
    "}" ...
    <EMPTY_INDEX> ...
    >
2017-03-03 16:58:51,937 INFO [com.yiya.utils.CommonPageParser] - <替换文件F:\WORK\JAVA\YIYA_MS\src\com\yiya\bean\LogisTics.java>
2017-03-03 16:58:51,946 INFO [com.yiya.utils.CommonPageParser] - <替换文件F:\WORK\JAVA\YIYA_MS\src\com\yiya\model\LogisTicsModel.java>
2017-03-03 16:58:51,947 INFO [com.yiya.utils.CommonPageParser] - <替换文件F:\WORK\JAVA\YIYA_MS\src\com\yiya\mapper\LogisTicsMapper.java>
2017-03-03 16:58:51,948 INFO [com.yiya.utils.CommonPageParser] - <替换文件F:\WORK\JAVA\YIYA_MS\src\com\yiya\service\LogisTicsService.java>
2017-03-03 16:58:51,956 ERROR [org.apache.velocity] - <Parser Exception: TempleMapperXml.vm>
org.apache.velocity.runtime.parser.ParseException: Encountered "#end\r\n" at line 77, column 1.
Was expecting one of:
    <EOF> 
    "(" ...
    <RPAREN> ...
    <ESCAPE_DIRECTIVE> ...
    <SET_DIRECTIVE> ...
    "##" ...
    "\\\\" ...
    "\\" ...
    <TEXT> ...
    "*#" ...
    "*#" ...
    "]]#" ...
    <STRING_LITERAL> ...
    <IF_DIRECTIVE> ...
    <INTEGER_LITERAL> ...
    <FLOATING_POINT_LITERAL> ...
    <WORD> ...
    <BRACKETED_WORD> ...
    <IDENTIFIER> ...
    <DOT> ...
    "{" ...
    "}" ...
    <EMPTY_INDEX> ...
    
	at org.apache.velocity.runtime.parser.Parser.generateParseException(Parser.java:3679)
	at org.apache.velocity.runtime.parser.Parser.jj_consume_token(Parser.java:3558)
	at org.apache.velocity.runtime.parser.Parser.process(Parser.java:319)
	at org.apache.velocity.runtime.parser.Parser.parse(Parser.java:117)
	at org.apache.velocity.runtime.RuntimeInstance.parse(RuntimeInstance.java:1226)
	at org.apache.velocity.runtime.RuntimeInstance.parse(RuntimeInstance.java:1181)
	at org.apache.velocity.Template.process(Template.java:134)
	at org.apache.velocity.runtime.resource.ResourceManagerImpl.loadResource(ResourceManagerImpl.java:437)
	at org.apache.velocity.runtime.resource.ResourceManagerImpl.getResource(ResourceManagerImpl.java:352)
	at org.apache.velocity.runtime.RuntimeInstance.getTemplate(RuntimeInstance.java:1533)
	at org.apache.velocity.app.VelocityEngine.getTemplate(VelocityEngine.java:392)
	at com.yiya.utils.CommonPageParser.WriterPage(CommonPageParser.java:87)
	at com.yiya.utils.CreateJava.main(CreateJava.java:89)
2017-03-03 16:58:51,959 ERROR [org.apache.velocity] - <ResourceManager.getResource() parse exception>
org.apache.velocity.exception.ParseErrorException: Encountered "#end\r\n" at TempleMapperXml.vm[line 77, column 1]
Was expecting one of:
    <EOF> 
    "(" ...
    <RPAREN> ...
    <ESCAPE_DIRECTIVE> ...
    <SET_DIRECTIVE> ...
    "##" ...
    "\\\\" ...
    "\\" ...
    <TEXT> ...
    "*#" ...
    "*#" ...
    "]]#" ...
    <STRING_LITERAL> ...
    <IF_DIRECTIVE> ...
    <INTEGER_LITERAL> ...
    <FLOATING_POINT_LITERAL> ...
    <WORD> ...
    <BRACKETED_WORD> ...
    <IDENTIFIER> ...
    <DOT> ...
    "{" ...
    "}" ...
    <EMPTY_INDEX> ...
    
	at org.apache.velocity.Template.process(Template.java:151)
	at org.apache.velocity.runtime.resource.ResourceManagerImpl.loadResource(ResourceManagerImpl.java:437)
	at org.apache.velocity.runtime.resource.ResourceManagerImpl.getResource(ResourceManagerImpl.java:352)
	at org.apache.velocity.runtime.RuntimeInstance.getTemplate(RuntimeInstance.java:1533)
	at org.apache.velocity.app.VelocityEngine.getTemplate(VelocityEngine.java:392)
	at com.yiya.utils.CommonPageParser.WriterPage(CommonPageParser.java:87)
	at com.yiya.utils.CreateJava.main(CreateJava.java:89)
2017-03-03 16:58:51,961 ERROR [com.yiya.utils.CommonPageParser] - <org.apache.velocity.exception.ParseErrorException: Encountered "#end\r\n" at TempleMapperXml.vm[line 77, column 1]
Was expecting one of:
    <EOF> 
    "(" ...
    <RPAREN> ...
    <ESCAPE_DIRECTIVE> ...
    <SET_DIRECTIVE> ...
    "##" ...
    "\\\\" ...
    "\\" ...
    <TEXT> ...
    "*#" ...
    "*#" ...
    "]]#" ...
    <STRING_LITERAL> ...
    <IF_DIRECTIVE> ...
    <INTEGER_LITERAL> ...
    <FLOATING_POINT_LITERAL> ...
    <WORD> ...
    <BRACKETED_WORD> ...
    <IDENTIFIER> ...
    <DOT> ...
    "{" ...
    "}" ...
    <EMPTY_INDEX> ...
    >
2017-03-03 17:03:06,657 INFO [com.yiya.utils.CommonPageParser] - <替换文件F:\WORK\JAVA\YIYA_MS\src\com\yiya\bean\LogisTics.java>
2017-03-03 17:03:06,666 INFO [com.yiya.utils.CommonPageParser] - <替换文件F:\WORK\JAVA\YIYA_MS\src\com\yiya\model\LogisTicsModel.java>
2017-03-03 17:03:06,667 INFO [com.yiya.utils.CommonPageParser] - <替换文件F:\WORK\JAVA\YIYA_MS\src\com\yiya\mapper\LogisTicsMapper.java>
2017-03-03 17:03:06,668 INFO [com.yiya.utils.CommonPageParser] - <替换文件F:\WORK\JAVA\YIYA_MS\src\com\yiya\service\LogisTicsService.java>
2017-03-03 17:03:06,675 ERROR [org.apache.velocity] - <Parser Exception: TempleMapperXml.vm>
org.apache.velocity.runtime.parser.ParseException: Encountered "#end\r\n" at line 77, column 1.
Was expecting one of:
    <EOF> 
    "(" ...
    <RPAREN> ...
    <ESCAPE_DIRECTIVE> ...
    <SET_DIRECTIVE> ...
    "##" ...
    "\\\\" ...
    "\\" ...
    <TEXT> ...
    "*#" ...
    "*#" ...
    "]]#" ...
    <STRING_LITERAL> ...
    <IF_DIRECTIVE> ...
    <INTEGER_LITERAL> ...
    <FLOATING_POINT_LITERAL> ...
    <WORD> ...
    <BRACKETED_WORD> ...
    <IDENTIFIER> ...
    <DOT> ...
    "{" ...
    "}" ...
    <EMPTY_INDEX> ...
    
	at org.apache.velocity.runtime.parser.Parser.generateParseException(Parser.java:3679)
	at org.apache.velocity.runtime.parser.Parser.jj_consume_token(Parser.java:3558)
	at org.apache.velocity.runtime.parser.Parser.process(Parser.java:319)
	at org.apache.velocity.runtime.parser.Parser.parse(Parser.java:117)
	at org.apache.velocity.runtime.RuntimeInstance.parse(RuntimeInstance.java:1226)
	at org.apache.velocity.runtime.RuntimeInstance.parse(RuntimeInstance.java:1181)
	at org.apache.velocity.Template.process(Template.java:134)
	at org.apache.velocity.runtime.resource.ResourceManagerImpl.loadResource(ResourceManagerImpl.java:437)
	at org.apache.velocity.runtime.resource.ResourceManagerImpl.getResource(ResourceManagerImpl.java:352)
	at org.apache.velocity.runtime.RuntimeInstance.getTemplate(RuntimeInstance.java:1533)
	at org.apache.velocity.app.VelocityEngine.getTemplate(VelocityEngine.java:392)
	at com.yiya.utils.CommonPageParser.WriterPage(CommonPageParser.java:87)
	at com.yiya.utils.CreateJava.main(CreateJava.java:89)
2017-03-03 17:03:06,679 ERROR [org.apache.velocity] - <ResourceManager.getResource() parse exception>
org.apache.velocity.exception.ParseErrorException: Encountered "#end\r\n" at TempleMapperXml.vm[line 77, column 1]
Was expecting one of:
    <EOF> 
    "(" ...
    <RPAREN> ...
    <ESCAPE_DIRECTIVE> ...
    <SET_DIRECTIVE> ...
    "##" ...
    "\\\\" ...
    "\\" ...
    <TEXT> ...
    "*#" ...
    "*#" ...
    "]]#" ...
    <STRING_LITERAL> ...
    <IF_DIRECTIVE> ...
    <INTEGER_LITERAL> ...
    <FLOATING_POINT_LITERAL> ...
    <WORD> ...
    <BRACKETED_WORD> ...
    <IDENTIFIER> ...
    <DOT> ...
    "{" ...
    "}" ...
    <EMPTY_INDEX> ...
    
	at org.apache.velocity.Template.process(Template.java:151)
	at org.apache.velocity.runtime.resource.ResourceManagerImpl.loadResource(ResourceManagerImpl.java:437)
	at org.apache.velocity.runtime.resource.ResourceManagerImpl.getResource(ResourceManagerImpl.java:352)
	at org.apache.velocity.runtime.RuntimeInstance.getTemplate(RuntimeInstance.java:1533)
	at org.apache.velocity.app.VelocityEngine.getTemplate(VelocityEngine.java:392)
	at com.yiya.utils.CommonPageParser.WriterPage(CommonPageParser.java:87)
	at com.yiya.utils.CreateJava.main(CreateJava.java:89)
2017-03-03 17:03:06,681 ERROR [com.yiya.utils.CommonPageParser] - <org.apache.velocity.exception.ParseErrorException: Encountered "#end\r\n" at TempleMapperXml.vm[line 77, column 1]
Was expecting one of:
    <EOF> 
    "(" ...
    <RPAREN> ...
    <ESCAPE_DIRECTIVE> ...
    <SET_DIRECTIVE> ...
    "##" ...
    "\\\\" ...
    "\\" ...
    <TEXT> ...
    "*#" ...
    "*#" ...
    "]]#" ...
    <STRING_LITERAL> ...
    <IF_DIRECTIVE> ...
    <INTEGER_LITERAL> ...
    <FLOATING_POINT_LITERAL> ...
    <WORD> ...
    <BRACKETED_WORD> ...
    <IDENTIFIER> ...
    <DOT> ...
    "{" ...
    "}" ...
    <EMPTY_INDEX> ...
    >
2017-03-03 17:04:21,753 INFO [com.yiya.utils.CommonPageParser] - <替换文件F:\WORK\JAVA\YIYA_MS\src\com\yiya\bean\LogisTics.java>
2017-03-03 17:04:21,761 INFO [com.yiya.utils.CommonPageParser] - <替换文件F:\WORK\JAVA\YIYA_MS\src\com\yiya\model\LogisTicsModel.java>
2017-03-03 17:04:21,763 INFO [com.yiya.utils.CommonPageParser] - <替换文件F:\WORK\JAVA\YIYA_MS\src\com\yiya\mapper\LogisTicsMapper.java>
2017-03-03 17:04:21,766 INFO [com.yiya.utils.CommonPageParser] - <替换文件F:\WORK\JAVA\YIYA_MS\src\com\yiya\service\LogisTicsService.java>
2017-03-03 17:38:39,414 INFO [com.yiya.utils.CommonPageParser] - <替换文件F:\WORK\JAVA\YIYA_MS\src\com\yiya\bean\LogisTics.java>
2017-03-03 17:38:39,423 INFO [com.yiya.utils.CommonPageParser] - <替换文件F:\WORK\JAVA\YIYA_MS\src\com\yiya\model\LogisTicsModel.java>
2017-03-03 17:38:39,425 INFO [com.yiya.utils.CommonPageParser] - <替换文件F:\WORK\JAVA\YIYA_MS\src\com\yiya\mapper\LogisTicsMapper.java>
2017-03-03 17:38:39,427 INFO [com.yiya.utils.CommonPageParser] - <替换文件F:\WORK\JAVA\YIYA_MS\src\com\yiya\service\LogisTicsService.java>
2017-03-03 17:38:39,429 INFO [com.yiya.utils.CommonPageParser] - <替换文件F:\WORK\JAVA\YIYA_MS\src\com\yiya\mybatis\LogisTicsMapper.xml>
2017-03-03 17:38:39,444 ERROR [org.apache.velocity] - <Parser Exception: TempleJs.vm>
org.apache.velocity.runtime.parser.ParseException: Encountered ":" at line 10, column 49.
Was expecting:
    <RPAREN> ...
    
	at org.apache.velocity.runtime.parser.Parser.generateParseException(Parser.java:3679)
	at org.apache.velocity.runtime.parser.Parser.jj_consume_token(Parser.java:3558)
	at org.apache.velocity.runtime.parser.Parser.Directive(Parser.java:862)
	at org.apache.velocity.runtime.parser.Parser.Statement(Parser.java:379)
	at org.apache.velocity.runtime.parser.Parser.process(Parser.java:317)
	at org.apache.velocity.runtime.parser.Parser.parse(Parser.java:117)
	at org.apache.velocity.runtime.RuntimeInstance.parse(RuntimeInstance.java:1226)
	at org.apache.velocity.runtime.RuntimeInstance.parse(RuntimeInstance.java:1181)
	at org.apache.velocity.Template.process(Template.java:134)
	at org.apache.velocity.runtime.resource.ResourceManagerImpl.loadResource(ResourceManagerImpl.java:437)
	at org.apache.velocity.runtime.resource.ResourceManagerImpl.getResource(ResourceManagerImpl.java:352)
	at org.apache.velocity.runtime.RuntimeInstance.getTemplate(RuntimeInstance.java:1533)
	at org.apache.velocity.app.VelocityEngine.getTemplate(VelocityEngine.java:392)
	at com.yiya.utils.CommonPageParser.WriterPage(CommonPageParser.java:87)
	at com.yiya.utils.CreateJava.main(CreateJava.java:91)
2017-03-03 17:38:39,447 ERROR [org.apache.velocity] - <ResourceManager.getResource() parse exception>
org.apache.velocity.exception.ParseErrorException: Encountered ":" at TempleJs.vm[line 10, column 49]
Was expecting:
    <RPAREN> ...
    
	at org.apache.velocity.Template.process(Template.java:151)
	at org.apache.velocity.runtime.resource.ResourceManagerImpl.loadResource(ResourceManagerImpl.java:437)
	at org.apache.velocity.runtime.resource.ResourceManagerImpl.getResource(ResourceManagerImpl.java:352)
	at org.apache.velocity.runtime.RuntimeInstance.getTemplate(RuntimeInstance.java:1533)
	at org.apache.velocity.app.VelocityEngine.getTemplate(VelocityEngine.java:392)
	at com.yiya.utils.CommonPageParser.WriterPage(CommonPageParser.java:87)
	at com.yiya.utils.CreateJava.main(CreateJava.java:91)
2017-03-03 17:38:39,447 ERROR [com.yiya.utils.CommonPageParser] - <org.apache.velocity.exception.ParseErrorException: Encountered ":" at TempleJs.vm[line 10, column 49]
Was expecting:
    <RPAREN> ...
    >
2017-03-05 10:14:01,710 INFO [com.yiya.utils.CommonPageParser] - <替换文件F:\WORK\JAVA\YIYA_MS\src\com\yiya\bean\LogisTics.java>
2017-03-05 10:14:01,804 INFO [com.yiya.utils.CommonPageParser] - <替换文件F:\WORK\JAVA\YIYA_MS\src\com\yiya\model\LogisTicsModel.java>
2017-03-05 10:14:01,804 INFO [com.yiya.utils.CommonPageParser] - <替换文件F:\WORK\JAVA\YIYA_MS\src\com\yiya\mapper\LogisTicsMapper.java>
2017-03-05 10:14:01,820 INFO [com.yiya.utils.CommonPageParser] - <替换文件F:\WORK\JAVA\YIYA_MS\src\com\yiya\service\LogisTicsService.java>
2017-03-05 10:14:01,835 INFO [com.yiya.utils.CommonPageParser] - <替换文件F:\WORK\JAVA\YIYA_MS\src\com\yiya\mybatis\LogisTicsMapper.xml>
2017-03-05 10:14:01,851 ERROR [org.apache.velocity] - <Parser Exception: TempleJs.vm>
org.apache.velocity.runtime.parser.ParseException: Encountered ":" at line 10, column 49.
Was expecting:
    <RPAREN> ...
    
	at org.apache.velocity.runtime.parser.Parser.generateParseException(Parser.java:3679)
	at org.apache.velocity.runtime.parser.Parser.jj_consume_token(Parser.java:3558)
	at org.apache.velocity.runtime.parser.Parser.Directive(Parser.java:862)
	at org.apache.velocity.runtime.parser.Parser.Statement(Parser.java:379)
	at org.apache.velocity.runtime.parser.Parser.process(Parser.java:317)
	at org.apache.velocity.runtime.parser.Parser.parse(Parser.java:117)
	at org.apache.velocity.runtime.RuntimeInstance.parse(RuntimeInstance.java:1226)
	at org.apache.velocity.runtime.RuntimeInstance.parse(RuntimeInstance.java:1181)
	at org.apache.velocity.Template.process(Template.java:134)
	at org.apache.velocity.runtime.resource.ResourceManagerImpl.loadResource(ResourceManagerImpl.java:437)
	at org.apache.velocity.runtime.resource.ResourceManagerImpl.getResource(ResourceManagerImpl.java:352)
	at org.apache.velocity.runtime.RuntimeInstance.getTemplate(RuntimeInstance.java:1533)
	at org.apache.velocity.app.VelocityEngine.getTemplate(VelocityEngine.java:392)
	at com.yiya.utils.CommonPageParser.WriterPage(CommonPageParser.java:87)
	at com.yiya.utils.CreateJava.main(CreateJava.java:91)
2017-03-05 10:14:01,882 ERROR [org.apache.velocity] - <ResourceManager.getResource() parse exception>
org.apache.velocity.exception.ParseErrorException: Encountered ":" at TempleJs.vm[line 10, column 49]
Was expecting:
    <RPAREN> ...
    
	at org.apache.velocity.Template.process(Template.java:151)
	at org.apache.velocity.runtime.resource.ResourceManagerImpl.loadResource(ResourceManagerImpl.java:437)
	at org.apache.velocity.runtime.resource.ResourceManagerImpl.getResource(ResourceManagerImpl.java:352)
	at org.apache.velocity.runtime.RuntimeInstance.getTemplate(RuntimeInstance.java:1533)
	at org.apache.velocity.app.VelocityEngine.getTemplate(VelocityEngine.java:392)
	at com.yiya.utils.CommonPageParser.WriterPage(CommonPageParser.java:87)
	at com.yiya.utils.CreateJava.main(CreateJava.java:91)
2017-03-05 10:14:01,882 ERROR [com.yiya.utils.CommonPageParser] - <org.apache.velocity.exception.ParseErrorException: Encountered ":" at TempleJs.vm[line 10, column 49]
Was expecting:
    <RPAREN> ...
    >
2017-03-05 10:14:01,913 INFO [com.yiya.utils.CommonPageParser] - <替换文件F:\WORK\JAVA\YIYA_MS\src\com\yiya\action\LogisTicsAction.java>
2017-03-05 10:14:01,913 ERROR [org.apache.velocity] - <ResourceManager : unable to find resource 'TempList.jsp' in any resource loader.>
2017-03-05 10:14:01,913 ERROR [com.yiya.utils.CommonPageParser] - <org.apache.velocity.exception.ResourceNotFoundException: Unable to find resource 'TempList.jsp'>
2017-03-05 10:15:55,822 INFO [com.yiya.utils.CommonPageParser] - <替换文件F:\WORK\JAVA\YIYA_MS\src\com\yiya\bean\LogisTics.java>
2017-03-05 10:15:55,838 INFO [com.yiya.utils.CommonPageParser] - <替换文件F:\WORK\JAVA\YIYA_MS\src\com\yiya\model\LogisTicsModel.java>
2017-03-05 10:15:55,838 INFO [com.yiya.utils.CommonPageParser] - <替换文件F:\WORK\JAVA\YIYA_MS\src\com\yiya\mapper\LogisTicsMapper.java>
2017-03-05 10:15:55,838 INFO [com.yiya.utils.CommonPageParser] - <替换文件F:\WORK\JAVA\YIYA_MS\src\com\yiya\service\LogisTicsService.java>
2017-03-05 10:15:55,838 INFO [com.yiya.utils.CommonPageParser] - <替换文件F:\WORK\JAVA\YIYA_MS\src\com\yiya\mybatis\LogisTicsMapper.xml>
2017-03-05 10:15:55,854 ERROR [org.apache.velocity] - <Parser Exception: TempleJs.vm>
org.apache.velocity.runtime.parser.ParseException: Encountered ":" at line 10, column 48.
Was expecting one of:
    "[" ...
    <RPAREN> ...
    <WHITESPACE> ...
    "[" ...
    <WHITESPACE> ...
    
	at org.apache.velocity.runtime.parser.Parser.generateParseException(Parser.java:3679)
	at org.apache.velocity.runtime.parser.Parser.jj_consume_token(Parser.java:3558)
	at org.apache.velocity.runtime.parser.Parser.Directive(Parser.java:862)
	at org.apache.velocity.runtime.parser.Parser.Statement(Parser.java:379)
	at org.apache.velocity.runtime.parser.Parser.process(Parser.java:317)
	at org.apache.velocity.runtime.parser.Parser.parse(Parser.java:117)
	at org.apache.velocity.runtime.RuntimeInstance.parse(RuntimeInstance.java:1226)
	at org.apache.velocity.runtime.RuntimeInstance.parse(RuntimeInstance.java:1181)
	at org.apache.velocity.Template.process(Template.java:134)
	at org.apache.velocity.runtime.resource.ResourceManagerImpl.loadResource(ResourceManagerImpl.java:437)
	at org.apache.velocity.runtime.resource.ResourceManagerImpl.getResource(ResourceManagerImpl.java:352)
	at org.apache.velocity.runtime.RuntimeInstance.getTemplate(RuntimeInstance.java:1533)
	at org.apache.velocity.app.VelocityEngine.getTemplate(VelocityEngine.java:392)
	at com.yiya.utils.CommonPageParser.WriterPage(CommonPageParser.java:87)
	at com.yiya.utils.CreateJava.main(CreateJava.java:91)
2017-03-05 10:15:55,854 ERROR [org.apache.velocity] - <ResourceManager.getResource() parse exception>
org.apache.velocity.exception.ParseErrorException: Encountered ":" at TempleJs.vm[line 10, column 48]
Was expecting one of:
    "[" ...
    <RPAREN> ...
    <WHITESPACE> ...
    "[" ...
    <WHITESPACE> ...
    
	at org.apache.velocity.Template.process(Template.java:151)
	at org.apache.velocity.runtime.resource.ResourceManagerImpl.loadResource(ResourceManagerImpl.java:437)
	at org.apache.velocity.runtime.resource.ResourceManagerImpl.getResource(ResourceManagerImpl.java:352)
	at org.apache.velocity.runtime.RuntimeInstance.getTemplate(RuntimeInstance.java:1533)
	at org.apache.velocity.app.VelocityEngine.getTemplate(VelocityEngine.java:392)
	at com.yiya.utils.CommonPageParser.WriterPage(CommonPageParser.java:87)
	at com.yiya.utils.CreateJava.main(CreateJava.java:91)
2017-03-05 10:15:55,854 ERROR [com.yiya.utils.CommonPageParser] - <org.apache.velocity.exception.ParseErrorException: Encountered ":" at TempleJs.vm[line 10, column 48]
Was expecting one of:
    "[" ...
    <RPAREN> ...
    <WHITESPACE> ...
    "[" ...
    <WHITESPACE> ...
    >
2017-03-05 10:15:55,854 INFO [com.yiya.utils.CommonPageParser] - <替换文件F:\WORK\JAVA\YIYA_MS\src\com\yiya\action\LogisTicsAction.java>
2017-03-05 10:15:55,854 ERROR [org.apache.velocity] - <ResourceManager : unable to find resource 'TempleJsp.jsp' in any resource loader.>
2017-03-05 10:15:55,854 ERROR [com.yiya.utils.CommonPageParser] - <org.apache.velocity.exception.ResourceNotFoundException: Unable to find resource 'TempleJsp.jsp'>
2017-03-05 10:17:31,603 INFO [com.yiya.utils.CommonPageParser] - <替换文件F:\WORK\JAVA\YIYA_MS\src\com\yiya\bean\LogisTics.java>
2017-03-05 10:17:31,619 INFO [com.yiya.utils.CommonPageParser] - <替换文件F:\WORK\JAVA\YIYA_MS\src\com\yiya\model\LogisTicsModel.java>
2017-03-05 10:17:31,619 INFO [com.yiya.utils.CommonPageParser] - <替换文件F:\WORK\JAVA\YIYA_MS\src\com\yiya\mapper\LogisTicsMapper.java>
2017-03-05 10:17:31,619 INFO [com.yiya.utils.CommonPageParser] - <替换文件F:\WORK\JAVA\YIYA_MS\src\com\yiya\service\LogisTicsService.java>
2017-03-05 10:17:31,619 INFO [com.yiya.utils.CommonPageParser] - <替换文件F:\WORK\JAVA\YIYA_MS\src\com\yiya\mybatis\LogisTicsMapper.xml>
2017-03-05 10:17:31,634 ERROR [com.yiya.utils.CommonPageParser] - <java.io.FileNotFoundException: LogisTics.jsF:\WORK\JAVA\YIYA_MS\WebRoot\js\ux\kh (文件名、目录名或卷标语法不正确。)>
2017-03-05 10:17:31,634 INFO [com.yiya.utils.CommonPageParser] - <替换文件F:\WORK\JAVA\YIYA_MS\src\com\yiya\action\LogisTicsAction.java>
2017-03-05 10:17:31,634 ERROR [com.yiya.utils.CommonPageParser] - <java.io.FileNotFoundException: logisTics.jspF:\WORK\JAVA\YIYA_MS\WebRoot\view\kh (文件名、目录名或卷标语法不正确。)>
2017-03-05 10:18:42,025 INFO [com.yiya.utils.CommonPageParser] - <替换文件F:\WORK\JAVA\YIYA_MS\src\com\yiya\bean\LogisTics.java>
2017-03-05 10:18:42,025 INFO [com.yiya.utils.CommonPageParser] - <替换文件F:\WORK\JAVA\YIYA_MS\src\com\yiya\model\LogisTicsModel.java>
2017-03-05 10:18:42,025 INFO [com.yiya.utils.CommonPageParser] - <替换文件F:\WORK\JAVA\YIYA_MS\src\com\yiya\mapper\LogisTicsMapper.java>
2017-03-05 10:18:42,025 INFO [com.yiya.utils.CommonPageParser] - <替换文件F:\WORK\JAVA\YIYA_MS\src\com\yiya\service\LogisTicsService.java>
2017-03-05 10:18:42,025 INFO [com.yiya.utils.CommonPageParser] - <替换文件F:\WORK\JAVA\YIYA_MS\src\com\yiya\mybatis\LogisTicsMapper.xml>
2017-03-05 10:18:42,072 INFO [com.yiya.utils.CommonPageParser] - <替换文件F:\WORK\JAVA\YIYA_MS\src\com\yiya\action\LogisTicsAction.java>
2017-03-05 10:31:22,792 INFO [com.yiya.utils.CommonPageParser] - <替换文件F:\WORK\JAVA\YIYA_MS\src\com\yiya\bean\LogisTics.java>
2017-03-05 10:31:22,807 INFO [com.yiya.utils.CommonPageParser] - <替换文件F:\WORK\JAVA\YIYA_MS\src\com\yiya\model\LogisTicsModel.java>
2017-03-05 10:31:22,807 INFO [com.yiya.utils.CommonPageParser] - <替换文件F:\WORK\JAVA\YIYA_MS\src\com\yiya\mapper\LogisTicsMapper.java>
2017-03-05 10:31:22,807 INFO [com.yiya.utils.CommonPageParser] - <替换文件F:\WORK\JAVA\YIYA_MS\src\com\yiya\service\LogisTicsService.java>
2017-03-05 10:31:22,807 INFO [com.yiya.utils.CommonPageParser] - <替换文件F:\WORK\JAVA\YIYA_MS\src\com\yiya\mybatis\LogisTicsMapper.xml>
2017-03-05 10:31:22,823 INFO [com.yiya.utils.CommonPageParser] - <替换文件F:\WORK\JAVA\YIYA_MS\src\com\yiya\action\LogisTicsAction.java>
2017-03-05 10:31:22,823 INFO [com.yiya.utils.CommonPageParser] - <替换文件F:\WORK\JAVA\YIYA_MS\WebRoot\view\kh\logisTics.jsp>
2017-03-07 10:12:12,997 INFO [com.yiya.utils.CommonPageParser] - <替换文件F:\WORK\JAVA\YIYA_MS\src\com\yiya\bean\LogisTics.java>
2017-03-07 10:12:13,033 INFO [com.yiya.utils.CommonPageParser] - <替换文件F:\WORK\JAVA\YIYA_MS\src\com\yiya\model\LogisTicsModel.java>
2017-03-07 10:12:13,045 INFO [com.yiya.utils.CommonPageParser] - <替换文件F:\WORK\JAVA\YIYA_MS\src\com\yiya\mapper\LogisTicsMapper.java>
2017-03-07 10:12:13,045 INFO [com.yiya.utils.CommonPageParser] - <替换文件F:\WORK\JAVA\YIYA_MS\src\com\yiya\service\LogisTicsService.java>
2017-03-07 10:12:13,065 INFO [com.yiya.utils.CommonPageParser] - <替换文件F:\WORK\JAVA\YIYA_MS\src\com\yiya\mybatis\LogisTicsMapper.xml>
2017-03-07 10:12:13,073 INFO [com.yiya.utils.CommonPageParser] - <替换文件F:\WORK\JAVA\YIYA_MS\WebRoot\js\ux\kh\logisTics.js>
2017-03-07 10:12:13,081 INFO [com.yiya.utils.CommonPageParser] - <替换文件F:\WORK\JAVA\YIYA_MS\src\com\yiya\action\LogisTicsAction.java>
2017-03-07 10:12:13,083 INFO [com.yiya.utils.CommonPageParser] - <替换文件F:\WORK\JAVA\YIYA_MS\WebRoot\view\kh\logisTics.jsp>
2017-03-07 14:51:20,740 INFO [com.yiya.utils.CommonPageParser] - <替换文件F:\WORK\JAVA\YIYA_MS\src\com\yiya\bean\LogisTics.java>
2017-03-07 14:51:20,804 INFO [com.yiya.utils.CommonPageParser] - <替换文件F:\WORK\JAVA\YIYA_MS\src\com\yiya\model\LogisTicsModel.java>
2017-03-07 14:51:20,807 INFO [com.yiya.utils.CommonPageParser] - <替换文件F:\WORK\JAVA\YIYA_MS\src\com\yiya\mapper\LogisTicsMapper.java>
2017-03-07 14:51:20,809 INFO [com.yiya.utils.CommonPageParser] - <替换文件F:\WORK\JAVA\YIYA_MS\src\com\yiya\service\LogisTicsService.java>
2017-03-07 14:51:20,821 INFO [com.yiya.utils.CommonPageParser] - <替换文件F:\WORK\JAVA\YIYA_MS\src\com\yiya\mybatis\LogisTicsMapper.xml>
2017-03-07 14:51:20,843 INFO [com.yiya.utils.CommonPageParser] - <替换文件F:\WORK\JAVA\YIYA_MS\WebRoot\js\ux\kh\logisTics.js>
2017-03-07 14:51:20,861 INFO [com.yiya.utils.CommonPageParser] - <替换文件F:\WORK\JAVA\YIYA_MS\src\com\yiya\action\LogisTicsAction.java>
2017-03-07 14:51:20,880 INFO [com.yiya.utils.CommonPageParser] - <替换文件F:\WORK\JAVA\YIYA_MS\WebRoot\view\kh\logisTics.jsp>
2017-03-07 14:56:59,591 INFO [com.yiya.utils.CommonPageParser] - <替换文件F:\WORK\JAVA\YIYA_MS\src\com\yiya\bean\LogisTics.java>
2017-03-07 14:56:59,600 INFO [com.yiya.utils.CommonPageParser] - <替换文件F:\WORK\JAVA\YIYA_MS\src\com\yiya\model\LogisTicsModel.java>
2017-03-07 14:56:59,602 INFO [com.yiya.utils.CommonPageParser] - <替换文件F:\WORK\JAVA\YIYA_MS\src\com\yiya\mapper\LogisTicsMapper.java>
2017-03-07 14:56:59,604 INFO [com.yiya.utils.CommonPageParser] - <替换文件F:\WORK\JAVA\YIYA_MS\src\com\yiya\service\LogisTicsService.java>
2017-03-07 14:56:59,607 INFO [com.yiya.utils.CommonPageParser] - <替换文件F:\WORK\JAVA\YIYA_MS\src\com\yiya\mybatis\LogisTicsMapper.xml>
2017-03-07 14:56:59,619 INFO [com.yiya.utils.CommonPageParser] - <替换文件F:\WORK\JAVA\YIYA_MS\WebRoot\js\ux\kh\logisTics.js>
2017-03-07 14:56:59,628 INFO [com.yiya.utils.CommonPageParser] - <替换文件F:\WORK\JAVA\YIYA_MS\src\com\yiya\action\LogisTicsAction.java>
2017-03-07 14:56:59,631 INFO [com.yiya.utils.CommonPageParser] - <替换文件F:\WORK\JAVA\YIYA_MS\WebRoot\view\kh\logisTics.jsp>
2017-03-13 16:17:49,525 INFO [com.yiya.utils.CommonPageParser] - <替换文件F:\WORK\JAVA\YIYA_MS\src\com\yiya\bean\ZypmdzParam.java>
2017-03-13 16:17:49,535 INFO [com.yiya.utils.CommonPageParser] - <替换文件F:\WORK\JAVA\YIYA_MS\src\com\yiya\model\ZypmdzParamModel.java>
2017-03-13 16:17:49,536 INFO [com.yiya.utils.CommonPageParser] - <替换文件F:\WORK\JAVA\YIYA_MS\src\com\yiya\mapper\ZypmdzParamMapper.java>
2017-03-13 16:17:49,537 INFO [com.yiya.utils.CommonPageParser] - <替换文件F:\WORK\JAVA\YIYA_MS\src\com\yiya\service\ZypmdzParamService.java>
2017-03-13 16:17:49,539 INFO [com.yiya.utils.CommonPageParser] - <替换文件F:\WORK\JAVA\YIYA_MS\src\com\yiya\mybatis\ZypmdzParamMapper.xml>
2017-03-13 16:17:49,550 INFO [com.yiya.utils.CommonPageParser] - <替换文件F:\WORK\JAVA\YIYA_MS\WebRoot\js\ux\kh\zypmdzParam.js>
2017-03-13 16:17:49,599 INFO [com.yiya.utils.CommonPageParser] - <替换文件F:\WORK\JAVA\YIYA_MS\src\com\yiya\action\ZypmdzParamAction.java>
2017-03-13 16:17:49,602 INFO [com.yiya.utils.CommonPageParser] - <替换文件F:\WORK\JAVA\YIYA_MS\WebRoot\view\kh\zypmdzParam.jsp>
2017-03-25 12:34:21,975 INFO [com.yiya.utils.CommonPageParser] - <替换文件F:\WORK\JAVA\YIYA_MS\src\com\yiya\bean\OddnumerDiy.java>
2017-03-25 12:34:22,038 INFO [com.yiya.utils.CommonPageParser] - <替换文件F:\WORK\JAVA\YIYA_MS\src\com\yiya\model\OddnumerDiyModel.java>
2017-03-25 12:34:22,038 INFO [com.yiya.utils.CommonPageParser] - <替换文件F:\WORK\JAVA\YIYA_MS\src\com\yiya\mapper\OddnumerDiyMapper.java>
2017-03-25 12:34:22,038 INFO [com.yiya.utils.CommonPageParser] - <替换文件F:\WORK\JAVA\YIYA_MS\src\com\yiya\service\OddnumerDiyService.java>
2017-03-25 12:34:22,038 INFO [com.yiya.utils.CommonPageParser] - <替换文件F:\WORK\JAVA\YIYA_MS\src\com\yiya\mybatis\OddnumerDiyMapper.xml>
2017-03-25 12:34:22,053 INFO [com.yiya.utils.CommonPageParser] - <替换文件F:\WORK\JAVA\YIYA_MS\WebRoot\js\ux\kh\oddnumerDiy.js>
2017-03-25 12:34:22,069 INFO [com.yiya.utils.CommonPageParser] - <替换文件F:\WORK\JAVA\YIYA_MS\src\com\yiya\action\OddnumerDiyAction.java>
2017-03-25 12:34:22,069 INFO [com.yiya.utils.CommonPageParser] - <替换文件F:\WORK\JAVA\YIYA_MS\WebRoot\view\kh\oddnumerDiy.jsp>
2017-03-25 14:22:35,933 INFO [com.yiya.utils.CommonPageParser] - <替换文件F:\WORK\JAVA\YIYA_MS\src\com\yiya\bean\OddnumerDiy.java>
2017-03-25 14:22:35,948 INFO [com.yiya.utils.CommonPageParser] - <替换文件F:\WORK\JAVA\YIYA_MS\src\com\yiya\model\OddnumerDiyModel.java>
2017-03-25 14:22:35,948 INFO [com.yiya.utils.CommonPageParser] - <替换文件F:\WORK\JAVA\YIYA_MS\src\com\yiya\mapper\OddnumerDiyMapper.java>
2017-03-25 14:22:35,948 INFO [com.yiya.utils.CommonPageParser] - <替换文件F:\WORK\JAVA\YIYA_MS\src\com\yiya\service\OddnumerDiyService.java>
2017-03-25 14:22:35,948 INFO [com.yiya.utils.CommonPageParser] - <替换文件F:\WORK\JAVA\YIYA_MS\src\com\yiya\mybatis\OddnumerDiyMapper.xml>
2017-03-25 14:22:35,964 INFO [com.yiya.utils.CommonPageParser] - <替换文件F:\WORK\JAVA\YIYA_MS\WebRoot\js\ux\kh\oddnumerDiy.js>
2017-03-25 14:22:35,964 INFO [com.yiya.utils.CommonPageParser] - <替换文件F:\WORK\JAVA\YIYA_MS\src\com\yiya\action\OddnumerDiyAction.java>
2017-03-25 14:22:35,980 INFO [com.yiya.utils.CommonPageParser] - <替换文件F:\WORK\JAVA\YIYA_MS\WebRoot\view\kh\oddnumerDiy.jsp>
2017-04-01 15:58:53,274 INFO [com.yiya.utils.CommonPageParser] - <替换文件F:\WORK\JAVA\YIYA_MS\src\com\yiya\bean\TaxRateInfo.java>
2017-04-01 15:58:53,285 INFO [com.yiya.utils.CommonPageParser] - <替换文件F:\WORK\JAVA\YIYA_MS\src\com\yiya\model\TaxRateInfoModel.java>
2017-04-01 15:58:53,286 INFO [com.yiya.utils.CommonPageParser] - <替换文件F:\WORK\JAVA\YIYA_MS\src\com\yiya\mapper\TaxRateInfoMapper.java>
2017-04-01 15:58:53,287 INFO [com.yiya.utils.CommonPageParser] - <替换文件F:\WORK\JAVA\YIYA_MS\src\com\yiya\service\TaxRateInfoService.java>
2017-04-01 15:58:53,289 INFO [com.yiya.utils.CommonPageParser] - <替换文件F:\WORK\JAVA\YIYA_MS\src\com\yiya\mybatis\TaxRateInfoMapper.xml>
2017-04-01 15:58:53,304 INFO [com.yiya.utils.CommonPageParser] - <替换文件F:\WORK\JAVA\YIYA_MS\WebRoot\js\ux\kh\taxRateInfo.js>
2017-04-01 15:58:53,315 INFO [com.yiya.utils.CommonPageParser] - <替换文件F:\WORK\JAVA\YIYA_MS\src\com\yiya\action\TaxRateInfoAction.java>
2017-04-01 15:58:53,321 INFO [com.yiya.utils.CommonPageParser] - <替换文件F:\WORK\JAVA\YIYA_MS\WebRoot\view\kh\taxRateInfo.jsp>
