2017-02-17 09:17:27,722 ERROR [org.apache.velocity] - <ResourceManager : unable to find resource 'TempBean.java' in any resource loader.>
2017-02-17 09:17:27,723 ERROR [com.yiya.utils.CommonPageParser] - <org.apache.velocity.exception.ResourceNotFoundException: Unable to find resource 'TempBean.java'>
2017-02-17 09:17:27,723 ERROR [org.apache.velocity] - <ResourceManager : unable to find resource 'TempModel.java' in any resource loader.>
2017-02-17 09:17:27,724 ERROR [com.yiya.utils.CommonPageParser] - <org.apache.velocity.exception.ResourceNotFoundException: Unable to find resource 'TempModel.java'>
2017-02-17 09:17:27,724 ERROR [org.apache.velocity] - <ResourceManager : unable to find resource 'TempMapper.java' in any resource loader.>
2017-02-17 09:17:27,726 ERROR [com.yiya.utils.CommonPageParser] - <org.apache.velocity.exception.ResourceNotFoundException: Unable to find resource 'TempMapper.java'>
2017-02-17 09:17:27,726 ERROR [org.apache.velocity] - <ResourceManager : unable to find resource 'TempService.java' in any resource loader.>
2017-02-17 09:17:27,727 ERROR [com.yiya.utils.CommonPageParser] - <org.apache.velocity.exception.ResourceNotFoundException: Unable to find resource 'TempService.java'>
2017-02-17 09:17:27,747 ERROR [org.apache.velocity] - <ResourceManager : unable to find resource 'TempMapper.xml' in any resource loader.>
2017-02-17 09:17:27,748 ERROR [com.yiya.utils.CommonPageParser] - <org.apache.velocity.exception.ResourceNotFoundException: Unable to find resource 'TempMapper.xml'>
2017-02-17 09:29:47,006 ERROR [org.apache.velocity] - <ResourceManager : unable to find resource 'TempBean.java' in any resource loader.>
2017-02-17 09:29:47,007 ERROR [com.yiya.utils.CommonPageParser] - <org.apache.velocity.exception.ResourceNotFoundException: Unable to find resource 'TempBean.java'>
2017-02-17 09:29:47,007 ERROR [org.apache.velocity] - <ResourceManager : unable to find resource 'TempModel.java' in any resource loader.>
2017-02-17 09:29:47,007 ERROR [com.yiya.utils.CommonPageParser] - <org.apache.velocity.exception.ResourceNotFoundException: Unable to find resource 'TempModel.java'>
2017-02-17 09:29:47,008 ERROR [org.apache.velocity] - <ResourceManager : unable to find resource 'TempMapper.java' in any resource loader.>
2017-02-17 09:29:47,008 ERROR [com.yiya.utils.CommonPageParser] - <org.apache.velocity.exception.ResourceNotFoundException: Unable to find resource 'TempMapper.java'>
2017-02-17 09:29:47,009 ERROR [org.apache.velocity] - <ResourceManager : unable to find resource 'TempService.java' in any resource loader.>
2017-02-17 09:29:47,010 ERROR [com.yiya.utils.CommonPageParser] - <org.apache.velocity.exception.ResourceNotFoundException: Unable to find resource 'TempService.java'>
2017-02-17 09:29:47,011 ERROR [org.apache.velocity] - <ResourceManager : unable to find resource 'TempMapper.xml' in any resource loader.>
2017-02-17 09:29:47,012 ERROR [com.yiya.utils.CommonPageParser] - <org.apache.velocity.exception.ResourceNotFoundException: Unable to find resource 'TempMapper.xml'>
2017-03-03 15:13:54,388 ERROR [org.apache.velocity] - <ResourceManager : unable to find resource 'Templebean.vm' in any resource loader.>
2017-03-03 15:13:54,436 ERROR [com.yiya.utils.CommonPageParser] - <org.apache.velocity.exception.ResourceNotFoundException: Unable to find resource 'Templebean.vm'>
2017-03-03 15:15:17,583 ERROR [org.apache.velocity] - <ResourceManager : unable to find resource 'F:\WORK\JAVA\YIYA_MS\WebRoot\temples\Templebean.vm' in any resource loader.>
2017-03-03 15:15:17,584 ERROR [com.yiya.utils.CommonPageParser] - <org.apache.velocity.exception.ResourceNotFoundException: Unable to find resource 'F:\WORK\JAVA\YIYA_MS\WebRoot\temples\Templebean.vm'>
2017-03-03 15:16:37,813 ERROR [org.apache.velocity] - <ResourceManager : unable to find resource 'Templebean.vm' in any resource loader.>
2017-03-03 15:16:37,815 ERROR [com.yiya.utils.CommonPageParser] - <org.apache.velocity.exception.ResourceNotFoundException: Unable to find resource 'Templebean.vm'>
2017-03-03 15:19:25,946 ERROR [org.apache.velocity] - <ResourceManager : unable to find resource 'Templebean.vm' in any resource loader.>
2017-03-03 15:19:25,946 ERROR [com.yiya.utils.CommonPageParser] - <org.apache.velocity.exception.ResourceNotFoundException: Unable to find resource 'Templebean.vm'>
2017-03-03 16:57:36,626 ERROR [org.apache.velocity] - <Parser Exception: TempleMapperXml.vm>
org.apache.velocity.runtime.parser.ParseException: Encountered "#end\r\n" at line 77, column 1.
Was expecting one of:
    <EOF> 
    "(" ...
    <RPAREN> ...
    <ESCAPE_DIRECTIVE> ...
    <SET_DIRECTIVE> ...
    "##" ...
    "\\\\" ...
    "\\" ...
    <TEXT> ...
    "*#" ...
    "*#" ...
    "]]#" ...
    <STRING_LITERAL> ...
    <IF_DIRECTIVE> ...
    <INTEGER_LITERAL> ...
    <FLOATING_POINT_LITERAL> ...
    <WORD> ...
    <BRACKETED_WORD> ...
    <IDENTIFIER> ...
    <DOT> ...
    "{" ...
    "}" ...
    <EMPTY_INDEX> ...
    
	at org.apache.velocity.runtime.parser.Parser.generateParseException(Parser.java:3679)
	at org.apache.velocity.runtime.parser.Parser.jj_consume_token(Parser.java:3558)
	at org.apache.velocity.runtime.parser.Parser.process(Parser.java:319)
	at org.apache.velocity.runtime.parser.Parser.parse(Parser.java:117)
	at org.apache.velocity.runtime.RuntimeInstance.parse(RuntimeInstance.java:1226)
	at org.apache.velocity.runtime.RuntimeInstance.parse(RuntimeInstance.java:1181)
	at org.apache.velocity.Template.process(Template.java:134)
	at org.apache.velocity.runtime.resource.ResourceManagerImpl.loadResource(ResourceManagerImpl.java:437)
	at org.apache.velocity.runtime.resource.ResourceManagerImpl.getResource(ResourceManagerImpl.java:352)
	at org.apache.velocity.runtime.RuntimeInstance.getTemplate(RuntimeInstance.java:1533)
	at org.apache.velocity.app.VelocityEngine.getTemplate(VelocityEngine.java:392)
	at com.yiya.utils.CommonPageParser.WriterPage(CommonPageParser.java:87)
	at com.yiya.utils.CreateJava.main(CreateJava.java:89)
2017-03-03 16:57:36,629 ERROR [org.apache.velocity] - <ResourceManager.getResource() parse exception>
org.apache.velocity.exception.ParseErrorException: Encountered "#end\r\n" at TempleMapperXml.vm[line 77, column 1]
Was expecting one of:
    <EOF> 
    "(" ...
    <RPAREN> ...
    <ESCAPE_DIRECTIVE> ...
    <SET_DIRECTIVE> ...
    "##" ...
    "\\\\" ...
    "\\" ...
    <TEXT> ...
    "*#" ...
    "*#" ...
    "]]#" ...
    <STRING_LITERAL> ...
    <IF_DIRECTIVE> ...
    <INTEGER_LITERAL> ...
    <FLOATING_POINT_LITERAL> ...
    <WORD> ...
    <BRACKETED_WORD> ...
    <IDENTIFIER> ...
    <DOT> ...
    "{" ...
    "}" ...
    <EMPTY_INDEX> ...
    
	at org.apache.velocity.Template.process(Template.java:151)
	at org.apache.velocity.runtime.resource.ResourceManagerImpl.loadResource(ResourceManagerImpl.java:437)
	at org.apache.velocity.runtime.resource.ResourceManagerImpl.getResource(ResourceManagerImpl.java:352)
	at org.apache.velocity.runtime.RuntimeInstance.getTemplate(RuntimeInstance.java:1533)
	at org.apache.velocity.app.VelocityEngine.getTemplate(VelocityEngine.java:392)
	at com.yiya.utils.CommonPageParser.WriterPage(CommonPageParser.java:87)
	at com.yiya.utils.CreateJava.main(CreateJava.java:89)
2017-03-03 16:57:36,630 ERROR [com.yiya.utils.CommonPageParser] - <org.apache.velocity.exception.ParseErrorException: Encountered "#end\r\n" at TempleMapperXml.vm[line 77, column 1]
Was expecting one of:
    <EOF> 
    "(" ...
    <RPAREN> ...
    <ESCAPE_DIRECTIVE> ...
    <SET_DIRECTIVE> ...
    "##" ...
    "\\\\" ...
    "\\" ...
    <TEXT> ...
    "*#" ...
    "*#" ...
    "]]#" ...
    <STRING_LITERAL> ...
    <IF_DIRECTIVE> ...
    <INTEGER_LITERAL> ...
    <FLOATING_POINT_LITERAL> ...
    <WORD> ...
    <BRACKETED_WORD> ...
    <IDENTIFIER> ...
    <DOT> ...
    "{" ...
    "}" ...
    <EMPTY_INDEX> ...
    >
2017-03-03 16:58:51,956 ERROR [org.apache.velocity] - <Parser Exception: TempleMapperXml.vm>
org.apache.velocity.runtime.parser.ParseException: Encountered "#end\r\n" at line 77, column 1.
Was expecting one of:
    <EOF> 
    "(" ...
    <RPAREN> ...
    <ESCAPE_DIRECTIVE> ...
    <SET_DIRECTIVE> ...
    "##" ...
    "\\\\" ...
    "\\" ...
    <TEXT> ...
    "*#" ...
    "*#" ...
    "]]#" ...
    <STRING_LITERAL> ...
    <IF_DIRECTIVE> ...
    <INTEGER_LITERAL> ...
    <FLOATING_POINT_LITERAL> ...
    <WORD> ...
    <BRACKETED_WORD> ...
    <IDENTIFIER> ...
    <DOT> ...
    "{" ...
    "}" ...
    <EMPTY_INDEX> ...
    
	at org.apache.velocity.runtime.parser.Parser.generateParseException(Parser.java:3679)
	at org.apache.velocity.runtime.parser.Parser.jj_consume_token(Parser.java:3558)
	at org.apache.velocity.runtime.parser.Parser.process(Parser.java:319)
	at org.apache.velocity.runtime.parser.Parser.parse(Parser.java:117)
	at org.apache.velocity.runtime.RuntimeInstance.parse(RuntimeInstance.java:1226)
	at org.apache.velocity.runtime.RuntimeInstance.parse(RuntimeInstance.java:1181)
	at org.apache.velocity.Template.process(Template.java:134)
	at org.apache.velocity.runtime.resource.ResourceManagerImpl.loadResource(ResourceManagerImpl.java:437)
	at org.apache.velocity.runtime.resource.ResourceManagerImpl.getResource(ResourceManagerImpl.java:352)
	at org.apache.velocity.runtime.RuntimeInstance.getTemplate(RuntimeInstance.java:1533)
	at org.apache.velocity.app.VelocityEngine.getTemplate(VelocityEngine.java:392)
	at com.yiya.utils.CommonPageParser.WriterPage(CommonPageParser.java:87)
	at com.yiya.utils.CreateJava.main(CreateJava.java:89)
2017-03-03 16:58:51,959 ERROR [org.apache.velocity] - <ResourceManager.getResource() parse exception>
org.apache.velocity.exception.ParseErrorException: Encountered "#end\r\n" at TempleMapperXml.vm[line 77, column 1]
Was expecting one of:
    <EOF> 
    "(" ...
    <RPAREN> ...
    <ESCAPE_DIRECTIVE> ...
    <SET_DIRECTIVE> ...
    "##" ...
    "\\\\" ...
    "\\" ...
    <TEXT> ...
    "*#" ...
    "*#" ...
    "]]#" ...
    <STRING_LITERAL> ...
    <IF_DIRECTIVE> ...
    <INTEGER_LITERAL> ...
    <FLOATING_POINT_LITERAL> ...
    <WORD> ...
    <BRACKETED_WORD> ...
    <IDENTIFIER> ...
    <DOT> ...
    "{" ...
    "}" ...
    <EMPTY_INDEX> ...
    
	at org.apache.velocity.Template.process(Template.java:151)
	at org.apache.velocity.runtime.resource.ResourceManagerImpl.loadResource(ResourceManagerImpl.java:437)
	at org.apache.velocity.runtime.resource.ResourceManagerImpl.getResource(ResourceManagerImpl.java:352)
	at org.apache.velocity.runtime.RuntimeInstance.getTemplate(RuntimeInstance.java:1533)
	at org.apache.velocity.app.VelocityEngine.getTemplate(VelocityEngine.java:392)
	at com.yiya.utils.CommonPageParser.WriterPage(CommonPageParser.java:87)
	at com.yiya.utils.CreateJava.main(CreateJava.java:89)
2017-03-03 16:58:51,961 ERROR [com.yiya.utils.CommonPageParser] - <org.apache.velocity.exception.ParseErrorException: Encountered "#end\r\n" at TempleMapperXml.vm[line 77, column 1]
Was expecting one of:
    <EOF> 
    "(" ...
    <RPAREN> ...
    <ESCAPE_DIRECTIVE> ...
    <SET_DIRECTIVE> ...
    "##" ...
    "\\\\" ...
    "\\" ...
    <TEXT> ...
    "*#" ...
    "*#" ...
    "]]#" ...
    <STRING_LITERAL> ...
    <IF_DIRECTIVE> ...
    <INTEGER_LITERAL> ...
    <FLOATING_POINT_LITERAL> ...
    <WORD> ...
    <BRACKETED_WORD> ...
    <IDENTIFIER> ...
    <DOT> ...
    "{" ...
    "}" ...
    <EMPTY_INDEX> ...
    >
2017-03-03 17:03:06,675 ERROR [org.apache.velocity] - <Parser Exception: TempleMapperXml.vm>
org.apache.velocity.runtime.parser.ParseException: Encountered "#end\r\n" at line 77, column 1.
Was expecting one of:
    <EOF> 
    "(" ...
    <RPAREN> ...
    <ESCAPE_DIRECTIVE> ...
    <SET_DIRECTIVE> ...
    "##" ...
    "\\\\" ...
    "\\" ...
    <TEXT> ...
    "*#" ...
    "*#" ...
    "]]#" ...
    <STRING_LITERAL> ...
    <IF_DIRECTIVE> ...
    <INTEGER_LITERAL> ...
    <FLOATING_POINT_LITERAL> ...
    <WORD> ...
    <BRACKETED_WORD> ...
    <IDENTIFIER> ...
    <DOT> ...
    "{" ...
    "}" ...
    <EMPTY_INDEX> ...
    
	at org.apache.velocity.runtime.parser.Parser.generateParseException(Parser.java:3679)
	at org.apache.velocity.runtime.parser.Parser.jj_consume_token(Parser.java:3558)
	at org.apache.velocity.runtime.parser.Parser.process(Parser.java:319)
	at org.apache.velocity.runtime.parser.Parser.parse(Parser.java:117)
	at org.apache.velocity.runtime.RuntimeInstance.parse(RuntimeInstance.java:1226)
	at org.apache.velocity.runtime.RuntimeInstance.parse(RuntimeInstance.java:1181)
	at org.apache.velocity.Template.process(Template.java:134)
	at org.apache.velocity.runtime.resource.ResourceManagerImpl.loadResource(ResourceManagerImpl.java:437)
	at org.apache.velocity.runtime.resource.ResourceManagerImpl.getResource(ResourceManagerImpl.java:352)
	at org.apache.velocity.runtime.RuntimeInstance.getTemplate(RuntimeInstance.java:1533)
	at org.apache.velocity.app.VelocityEngine.getTemplate(VelocityEngine.java:392)
	at com.yiya.utils.CommonPageParser.WriterPage(CommonPageParser.java:87)
	at com.yiya.utils.CreateJava.main(CreateJava.java:89)
2017-03-03 17:03:06,679 ERROR [org.apache.velocity] - <ResourceManager.getResource() parse exception>
org.apache.velocity.exception.ParseErrorException: Encountered "#end\r\n" at TempleMapperXml.vm[line 77, column 1]
Was expecting one of:
    <EOF> 
    "(" ...
    <RPAREN> ...
    <ESCAPE_DIRECTIVE> ...
    <SET_DIRECTIVE> ...
    "##" ...
    "\\\\" ...
    "\\" ...
    <TEXT> ...
    "*#" ...
    "*#" ...
    "]]#" ...
    <STRING_LITERAL> ...
    <IF_DIRECTIVE> ...
    <INTEGER_LITERAL> ...
    <FLOATING_POINT_LITERAL> ...
    <WORD> ...
    <BRACKETED_WORD> ...
    <IDENTIFIER> ...
    <DOT> ...
    "{" ...
    "}" ...
    <EMPTY_INDEX> ...
    
	at org.apache.velocity.Template.process(Template.java:151)
	at org.apache.velocity.runtime.resource.ResourceManagerImpl.loadResource(ResourceManagerImpl.java:437)
	at org.apache.velocity.runtime.resource.ResourceManagerImpl.getResource(ResourceManagerImpl.java:352)
	at org.apache.velocity.runtime.RuntimeInstance.getTemplate(RuntimeInstance.java:1533)
	at org.apache.velocity.app.VelocityEngine.getTemplate(VelocityEngine.java:392)
	at com.yiya.utils.CommonPageParser.WriterPage(CommonPageParser.java:87)
	at com.yiya.utils.CreateJava.main(CreateJava.java:89)
2017-03-03 17:03:06,681 ERROR [com.yiya.utils.CommonPageParser] - <org.apache.velocity.exception.ParseErrorException: Encountered "#end\r\n" at TempleMapperXml.vm[line 77, column 1]
Was expecting one of:
    <EOF> 
    "(" ...
    <RPAREN> ...
    <ESCAPE_DIRECTIVE> ...
    <SET_DIRECTIVE> ...
    "##" ...
    "\\\\" ...
    "\\" ...
    <TEXT> ...
    "*#" ...
    "*#" ...
    "]]#" ...
    <STRING_LITERAL> ...
    <IF_DIRECTIVE> ...
    <INTEGER_LITERAL> ...
    <FLOATING_POINT_LITERAL> ...
    <WORD> ...
    <BRACKETED_WORD> ...
    <IDENTIFIER> ...
    <DOT> ...
    "{" ...
    "}" ...
    <EMPTY_INDEX> ...
    >
2017-03-03 17:38:39,444 ERROR [org.apache.velocity] - <Parser Exception: TempleJs.vm>
org.apache.velocity.runtime.parser.ParseException: Encountered ":" at line 10, column 49.
Was expecting:
    <RPAREN> ...
    
	at org.apache.velocity.runtime.parser.Parser.generateParseException(Parser.java:3679)
	at org.apache.velocity.runtime.parser.Parser.jj_consume_token(Parser.java:3558)
	at org.apache.velocity.runtime.parser.Parser.Directive(Parser.java:862)
	at org.apache.velocity.runtime.parser.Parser.Statement(Parser.java:379)
	at org.apache.velocity.runtime.parser.Parser.process(Parser.java:317)
	at org.apache.velocity.runtime.parser.Parser.parse(Parser.java:117)
	at org.apache.velocity.runtime.RuntimeInstance.parse(RuntimeInstance.java:1226)
	at org.apache.velocity.runtime.RuntimeInstance.parse(RuntimeInstance.java:1181)
	at org.apache.velocity.Template.process(Template.java:134)
	at org.apache.velocity.runtime.resource.ResourceManagerImpl.loadResource(ResourceManagerImpl.java:437)
	at org.apache.velocity.runtime.resource.ResourceManagerImpl.getResource(ResourceManagerImpl.java:352)
	at org.apache.velocity.runtime.RuntimeInstance.getTemplate(RuntimeInstance.java:1533)
	at org.apache.velocity.app.VelocityEngine.getTemplate(VelocityEngine.java:392)
	at com.yiya.utils.CommonPageParser.WriterPage(CommonPageParser.java:87)
	at com.yiya.utils.CreateJava.main(CreateJava.java:91)
2017-03-03 17:38:39,447 ERROR [org.apache.velocity] - <ResourceManager.getResource() parse exception>
org.apache.velocity.exception.ParseErrorException: Encountered ":" at TempleJs.vm[line 10, column 49]
Was expecting:
    <RPAREN> ...
    
	at org.apache.velocity.Template.process(Template.java:151)
	at org.apache.velocity.runtime.resource.ResourceManagerImpl.loadResource(ResourceManagerImpl.java:437)
	at org.apache.velocity.runtime.resource.ResourceManagerImpl.getResource(ResourceManagerImpl.java:352)
	at org.apache.velocity.runtime.RuntimeInstance.getTemplate(RuntimeInstance.java:1533)
	at org.apache.velocity.app.VelocityEngine.getTemplate(VelocityEngine.java:392)
	at com.yiya.utils.CommonPageParser.WriterPage(CommonPageParser.java:87)
	at com.yiya.utils.CreateJava.main(CreateJava.java:91)
2017-03-03 17:38:39,447 ERROR [com.yiya.utils.CommonPageParser] - <org.apache.velocity.exception.ParseErrorException: Encountered ":" at TempleJs.vm[line 10, column 49]
Was expecting:
    <RPAREN> ...
    >
2017-03-05 10:14:01,851 ERROR [org.apache.velocity] - <Parser Exception: TempleJs.vm>
org.apache.velocity.runtime.parser.ParseException: Encountered ":" at line 10, column 49.
Was expecting:
    <RPAREN> ...
    
	at org.apache.velocity.runtime.parser.Parser.generateParseException(Parser.java:3679)
	at org.apache.velocity.runtime.parser.Parser.jj_consume_token(Parser.java:3558)
	at org.apache.velocity.runtime.parser.Parser.Directive(Parser.java:862)
	at org.apache.velocity.runtime.parser.Parser.Statement(Parser.java:379)
	at org.apache.velocity.runtime.parser.Parser.process(Parser.java:317)
	at org.apache.velocity.runtime.parser.Parser.parse(Parser.java:117)
	at org.apache.velocity.runtime.RuntimeInstance.parse(RuntimeInstance.java:1226)
	at org.apache.velocity.runtime.RuntimeInstance.parse(RuntimeInstance.java:1181)
	at org.apache.velocity.Template.process(Template.java:134)
	at org.apache.velocity.runtime.resource.ResourceManagerImpl.loadResource(ResourceManagerImpl.java:437)
	at org.apache.velocity.runtime.resource.ResourceManagerImpl.getResource(ResourceManagerImpl.java:352)
	at org.apache.velocity.runtime.RuntimeInstance.getTemplate(RuntimeInstance.java:1533)
	at org.apache.velocity.app.VelocityEngine.getTemplate(VelocityEngine.java:392)
	at com.yiya.utils.CommonPageParser.WriterPage(CommonPageParser.java:87)
	at com.yiya.utils.CreateJava.main(CreateJava.java:91)
2017-03-05 10:14:01,882 ERROR [org.apache.velocity] - <ResourceManager.getResource() parse exception>
org.apache.velocity.exception.ParseErrorException: Encountered ":" at TempleJs.vm[line 10, column 49]
Was expecting:
    <RPAREN> ...
    
	at org.apache.velocity.Template.process(Template.java:151)
	at org.apache.velocity.runtime.resource.ResourceManagerImpl.loadResource(ResourceManagerImpl.java:437)
	at org.apache.velocity.runtime.resource.ResourceManagerImpl.getResource(ResourceManagerImpl.java:352)
	at org.apache.velocity.runtime.RuntimeInstance.getTemplate(RuntimeInstance.java:1533)
	at org.apache.velocity.app.VelocityEngine.getTemplate(VelocityEngine.java:392)
	at com.yiya.utils.CommonPageParser.WriterPage(CommonPageParser.java:87)
	at com.yiya.utils.CreateJava.main(CreateJava.java:91)
2017-03-05 10:14:01,882 ERROR [com.yiya.utils.CommonPageParser] - <org.apache.velocity.exception.ParseErrorException: Encountered ":" at TempleJs.vm[line 10, column 49]
Was expecting:
    <RPAREN> ...
    >
2017-03-05 10:14:01,913 ERROR [org.apache.velocity] - <ResourceManager : unable to find resource 'TempList.jsp' in any resource loader.>
2017-03-05 10:14:01,913 ERROR [com.yiya.utils.CommonPageParser] - <org.apache.velocity.exception.ResourceNotFoundException: Unable to find resource 'TempList.jsp'>
2017-03-05 10:15:55,854 ERROR [org.apache.velocity] - <Parser Exception: TempleJs.vm>
org.apache.velocity.runtime.parser.ParseException: Encountered ":" at line 10, column 48.
Was expecting one of:
    "[" ...
    <RPAREN> ...
    <WHITESPACE> ...
    "[" ...
    <WHITESPACE> ...
    
	at org.apache.velocity.runtime.parser.Parser.generateParseException(Parser.java:3679)
	at org.apache.velocity.runtime.parser.Parser.jj_consume_token(Parser.java:3558)
	at org.apache.velocity.runtime.parser.Parser.Directive(Parser.java:862)
	at org.apache.velocity.runtime.parser.Parser.Statement(Parser.java:379)
	at org.apache.velocity.runtime.parser.Parser.process(Parser.java:317)
	at org.apache.velocity.runtime.parser.Parser.parse(Parser.java:117)
	at org.apache.velocity.runtime.RuntimeInstance.parse(RuntimeInstance.java:1226)
	at org.apache.velocity.runtime.RuntimeInstance.parse(RuntimeInstance.java:1181)
	at org.apache.velocity.Template.process(Template.java:134)
	at org.apache.velocity.runtime.resource.ResourceManagerImpl.loadResource(ResourceManagerImpl.java:437)
	at org.apache.velocity.runtime.resource.ResourceManagerImpl.getResource(ResourceManagerImpl.java:352)
	at org.apache.velocity.runtime.RuntimeInstance.getTemplate(RuntimeInstance.java:1533)
	at org.apache.velocity.app.VelocityEngine.getTemplate(VelocityEngine.java:392)
	at com.yiya.utils.CommonPageParser.WriterPage(CommonPageParser.java:87)
	at com.yiya.utils.CreateJava.main(CreateJava.java:91)
2017-03-05 10:15:55,854 ERROR [org.apache.velocity] - <ResourceManager.getResource() parse exception>
org.apache.velocity.exception.ParseErrorException: Encountered ":" at TempleJs.vm[line 10, column 48]
Was expecting one of:
    "[" ...
    <RPAREN> ...
    <WHITESPACE> ...
    "[" ...
    <WHITESPACE> ...
    
	at org.apache.velocity.Template.process(Template.java:151)
	at org.apache.velocity.runtime.resource.ResourceManagerImpl.loadResource(ResourceManagerImpl.java:437)
	at org.apache.velocity.runtime.resource.ResourceManagerImpl.getResource(ResourceManagerImpl.java:352)
	at org.apache.velocity.runtime.RuntimeInstance.getTemplate(RuntimeInstance.java:1533)
	at org.apache.velocity.app.VelocityEngine.getTemplate(VelocityEngine.java:392)
	at com.yiya.utils.CommonPageParser.WriterPage(CommonPageParser.java:87)
	at com.yiya.utils.CreateJava.main(CreateJava.java:91)
2017-03-05 10:15:55,854 ERROR [com.yiya.utils.CommonPageParser] - <org.apache.velocity.exception.ParseErrorException: Encountered ":" at TempleJs.vm[line 10, column 48]
Was expecting one of:
    "[" ...
    <RPAREN> ...
    <WHITESPACE> ...
    "[" ...
    <WHITESPACE> ...
    >
2017-03-05 10:15:55,854 ERROR [org.apache.velocity] - <ResourceManager : unable to find resource 'TempleJsp.jsp' in any resource loader.>
2017-03-05 10:15:55,854 ERROR [com.yiya.utils.CommonPageParser] - <org.apache.velocity.exception.ResourceNotFoundException: Unable to find resource 'TempleJsp.jsp'>
2017-03-05 10:17:31,634 ERROR [com.yiya.utils.CommonPageParser] - <java.io.FileNotFoundException: LogisTics.jsF:\WORK\JAVA\YIYA_MS\WebRoot\js\ux\kh (文件名、目录名或卷标语法不正确。)>
2017-03-05 10:17:31,634 ERROR [com.yiya.utils.CommonPageParser] - <java.io.FileNotFoundException: logisTics.jspF:\WORK\JAVA\YIYA_MS\WebRoot\view\kh (文件名、目录名或卷标语法不正确。)>
